#
# A fatal error has been detected by the Java Runtime Environment:
#
#  EXCEPTION_ACCESS_VIOLATION (0xc0000005) at pc=0x00007ffbf446e2f6, pid=13420, tid=13724
#
# JRE version: Java(TM) SE Runtime Environment (17.0.10+11) (build 17.0.10+11-LTS-240)
# Java VM: Java HotSpot(TM) 64-Bit Server VM (17.0.10+11-LTS-240, mixed mode, sharing, tiered, compressed oops, compressed class ptrs, g1 gc, windows-amd64)
# Problematic frame:
# V  [jvm.dll+0x1ae2f6]
#
# No core dump will be written. Minidumps are not enabled by default on client versions of Windows
#
# If you would like to submit a bug report, please visit:
#   https://bugreport.java.com/bugreport/crash.jsp
#

---------------  S U M M A R Y ------------

Command Line: --add-opens=java.base/java.util=ALL-UNNAMED --add-opens=java.base/java.lang=ALL-UNNAMED --add-opens=java.base/java.lang.invoke=ALL-UNNAMED --add-opens=java.prefs/java.util.prefs=ALL-UNNAMED --add-opens=java.base/java.nio.charset=ALL-UNNAMED --add-opens=java.base/java.net=ALL-UNNAMED --add-opens=java.base/java.util.concurrent.atomic=ALL-UNNAMED -XX:MaxMetaspaceSize=384m -XX:+HeapDumpOnOutOfMemoryError -Xms256m -Xmx512m -Dfile.encoding=x-windows-949 -Duser.country=KR -Duser.language=ko -Duser.variant -javaagent:C:\Users\USER\.gradle\wrapper\dists\gradle-8.7-bin\bhs2wmbdwecv87pi65oeuq5iu\gradle-8.7\lib\agents\gradle-instrumentation-agent-8.7.jar org.gradle.launcher.daemon.bootstrap.GradleDaemon 8.7

Host: 12th Gen Intel(R) Core(TM) i5-1235U, 12 cores, 31G,  Windows 11 , 64 bit Build 22621 (10.0.22621.3527)
Time: Fri Jun  7 15:31:34 2024  Windows 11 , 64 bit Build 22621 (10.0.22621.3527) elapsed time: 1124.080862 seconds (0d 0h 18m 44s)

---------------  T H R E A D  ---------------

Current thread (0x000001e117ca00c0):  GCTaskThread "GC Thread#0" [stack: 0x000000d523500000,0x000000d523600000] [id=13724]

Stack: [0x000000d523500000,0x000000d523600000],  sp=0x000000d5235ffaa8,  free space=1022k
Native frames: (J=compiled Java code, j=interpreted, Vv=VM code, C=native code)
V  [jvm.dll+0x1ae2f6]


siginfo: EXCEPTION_ACCESS_VIOLATION (0xc0000005), reading address 0x000001e19b6e6f6b


Registers:
RAX=0x0000000000000001, RBX=0x0000000000000001, RCX=0x00000000e972d8d0, RDX=0x00000000e972d8d0
RSP=0x000000d5235ffaa8, RBP=0x000001e117c77720, RSI=0x00000000e221a570, RDI=0x00000000e972d8d0
R8 =0x00000000e972d8d0, R9 =0x000001e19b6e6f63, R10=0x00000000e972d8d0, R11=0x000001e117c77720
R12=0x000001e117c82de8, R13=0x000001e153dd2020, R14=0x000001e153dd2020, R15=0x000001e19b6e6f63
RIP=0x00007ffbf446e2f6, EFLAGS=0x0000000000010206


Register to memory mapping:

RIP=0x00007ffbf446e2f6 jvm.dll
RAX=0x0000000000000001 is an unknown value
RBX=0x0000000000000001 is an unknown value
RCX=0x00000000e972d8d0 is pointing into object: [B 
{0x00000000e972d8a8} - klass: {type array byte}
 - length: 41
RDX=0x00000000e972d8d0 is pointing into object: [B 
{0x00000000e972d8a8} - klass: {type array byte}
 - length: 41
RSP=0x000000d5235ffaa8 points into unknown readable memory: 0x00007ffbf45c49ac | ac 49 5c f4 fb 7f 00 00
RBP=0x000001e117c77720 points into unknown readable memory: 0x00007ffbf4bb7848 | 48 78 bb f4 fb 7f 00 00
RSI=0x00000000e221a570 is pointing into object: io.spring.gradle.dependencymanagement.org.apache.maven.model.Dependency 
{0x00000000e221a560} - klass: 'io/spring/gradle/dependencymanagement/org/apache/maven/model/Dependency'
 - ---- fields (total size 12 words):
 - private 'groupId' 'Ljava/lang/String;' @12  "io.opentelemetry"{0x00000000e2f21e48} (e2f21e48)
 - private 'artifactId' 'Ljava/lang/String;' @16  
[error occurred during error reporting (printing register info), id 0xc0000005, EXCEPTION_ACCESS_VIOLATION (0xc0000005) at pc=0x00007ffbf49242d3]

Top of Stack: (sp=0x000000d5235ffaa8)
0x000000d5235ffaa8:   00007ffbf45c49ac 0000000000000000
0x000000d5235ffab8:   0000000000000001 00000000ea66e520
0x000000d5235ffac8:   000001e153dd2020 000001e117c82de8
0x000000d5235ffad8:   000001e153dd2020 0000000000000001
0x000000d5235ffae8:   000001e117d31f00 00000000ea66e505
0x000000d5235ffaf8:   00007ffbf45c5a06 0000000000010000
0x000000d5235ffb08:   000001e117c82a10 000001e134d927b0
0x000000d5235ffb18:   000001e153dd2020 000001e117c82de8
0x000000d5235ffb28:   000000000001e918 00000000e221a570
0x000000d5235ffb38:   000001e117c77720 000001e153dd2020
0x000000d5235ffb48:   00007ffbf45c54e8 000001e153dd2020
0x000000d5235ffb58:   000001e153dd2020 000001e117c77720
0x000000d5235ffb68:   6f7475612d6e6f69 000000d5235ffbe0
0x000000d5235ffb78:   00007ffbf4599140 00000000e221a571
0x000000d5235ffb88:   0000000000000000 000000d5235ffc50
0x000000d5235ffb98:   0000000000000000 000000d523afe8a0 

Instructions: (pc=0x00007ffbf446e2f6)
0x00007ffbf446e1f6:   20 0f 11 86 f8 02 00 00 48 8b 5c 24 40 48 8b 74
0x00007ffbf446e206:   24 48 48 83 c4 30 5f c3 48 8b 07 48 8d 54 24 20
0x00007ffbf446e216:   48 8b cf ff 50 38 48 8b 5c 24 40 48 8b 74 24 48
0x00007ffbf446e226:   48 83 c4 30 5f c3 cc cc cc cc 48 89 5c 24 08 57
0x00007ffbf446e236:   48 83 ec 30 48 8b 02 48 8b f9 48 8b ca 48 8b da
0x00007ffbf446e246:   ff 50 38 84 c0 74 48 0f 10 83 f8 02 00 00 66 0f
0x00007ffbf446e256:   73 d8 08 66 48 0f 7e c0 48 85 c0 74 32 0f 10 83
0x00007ffbf446e266:   f8 02 00 00 48 8b 07 48 8d 54 24 20 48 8b cf 0f
0x00007ffbf446e276:   29 44 24 20 ff 50 40 33 c0 48 89 44 24 20 48 89
0x00007ffbf446e286:   44 24 28 0f 28 44 24 20 0f 11 83 f8 02 00 00 48
0x00007ffbf446e296:   8b 5c 24 40 48 83 c4 30 5f c3 48 8b 49 40 48 8b
0x00007ffbf446e2a6:   01 48 ff 60 28 cc cc cc cc cc 80 3d 40 9c 95 00
0x00007ffbf446e2b6:   00 48 8b c1 74 1b 8b 51 08 8b 0d 03 20 8f 00 48
0x00007ffbf446e2c6:   d3 e2 48 8b c8 48 03 15 ee 1f 8f 00 e9 19 00 00
0x00007ffbf446e2d6:   00 48 8b 51 08 48 8b c8 e9 0d 00 00 00 cc cc cc
0x00007ffbf446e2e6:   cc cc cc cc cc cc cc cc cc cc 4c 8b ca 48 8b d1
0x00007ffbf446e2f6:   45 8b 41 08 45 85 c0 7e 0e 41 f6 c0 01 75 56 41
0x00007ffbf446e306:   c1 f8 03 41 8b c0 c3 79 4c 80 3d e1 9b 95 00 00
0x00007ffbf446e316:   b8 0c 00 00 00 b9 10 00 00 00 0f 45 c8 8b 05 bb
0x00007ffbf446e326:   2e 8f 00 ff c8 4c 63 c8 48 63 14 11 41 8b c8 83
0x00007ffbf446e336:   e1 3f 48 d3 e2 41 8b c8 48 c1 f9 10 0f b6 c1 49
0x00007ffbf446e346:   8d 0c 11 49 f7 d1 48 03 c1 49 c1 e9 03 48 c1 e8
0x00007ffbf446e356:   03 41 23 c1 c3 49 8b 01 49 8b c9 48 ff a0 00 01
0x00007ffbf446e366:   00 00 cc cc cc cc cc cc cc cc 48 83 ec 38 0f 10
0x00007ffbf446e376:   02 48 8b 49 40 48 8d 54 24 20 0f 29 44 24 20 e8
0x00007ffbf446e386:   66 f2 ff ff 48 83 c4 38 c3 cc 48 83 ec 38 0f 10
0x00007ffbf446e396:   02 48 8b 01 48 8d 54 24 20 0f 29 44 24 20 ff 50
0x00007ffbf446e3a6:   38 48 83 c4 38 c3 cc cc cc cc 48 89 5c 24 08 55
0x00007ffbf446e3b6:   56 57 41 54 41 55 41 56 41 57 48 8d 6c 24 e0 48
0x00007ffbf446e3c6:   81 ec 20 01 00 00 48 8b 05 dd 1d 92 00 48 33 c4
0x00007ffbf446e3d6:   48 89 45 10 48 8b 05 6f 92 94 00 45 33 ed 4c 8b
0x00007ffbf446e3e6:   b5 80 00 00 00 4c 8b fa 48 8b bd 88 00 00 00 4d 


Stack slot to memory mapping:
stack at sp + 0 slots: 0x00007ffbf45c49ac jvm.dll
stack at sp + 1 slots: 0x0 is NULL
stack at sp + 2 slots: 0x0000000000000001 is an unknown value
stack at sp + 3 slots: 0x00000000ea66e520 is an oop: java.lang.ThreadLocal$ThreadLocalMap$Entry 
{0x00000000ea66e520} - klass: 'java/lang/ThreadLocal$ThreadLocalMap$Entry'
 - ---- fields (total size 4 words):
 - private 'referent' 'Ljava/lang/Object;' @12  a 'org/codehaus/groovy/runtime/GroovyCategorySupport$MyThreadLocal'{0x00000000e10e20e8} (e10e20e8)
 - volatile 'queue' 'Ljava/lang/ref/ReferenceQueue;' @16  a 'java/lang/ref/ReferenceQueue$Null'{0x00000000e07c6660} (e07c6660)
 - volatile 'next' 'Ljava/lang/ref/Reference;' @20  NULL (0)
 - private transient 'discovered' 'Ljava/lang/ref/Reference;' @24  NULL (0)
 - 'value' 'Ljava/lang/Object;' @28  NULL (0)
stack at sp + 4 slots: 0x000001e153dd2020 points into unknown readable memory: 0x00007ffbf4bbdfd8 | d8 df bb f4 fb 7f 00 00
stack at sp + 5 slots: 0x000001e117c82de8 points into unknown readable memory: 0x11056a657ddafb1a | 1a fb da 7d 65 6a 05 11
stack at sp + 6 slots: 0x000001e153dd2020 points into unknown readable memory: 0x00007ffbf4bbdfd8 | d8 df bb f4 fb 7f 00 00
stack at sp + 7 slots: 0x0000000000000001 is an unknown value


---------------  P R O C E S S  ---------------

Threads class SMR info:
_java_thread_list=0x000001e155f0c520, length=84, elements={
0x000001e117c71330, 0x000001e134907830, 0x000001e1349086b0, 0x000001e1349213a0,
0x000001e1349220c0, 0x000001e134922c80, 0x000001e134925750, 0x000001e134928b10,
0x000001e13492a3e0, 0x000001e13492cd30, 0x000001e134b2d760, 0x000001e134baf730,
0x000001e14f943560, 0x000001e14fe8e7c0, 0x000001e15000fcc0, 0x000001e14f4b02c0,
0x000001e14f4b0ce0, 0x000001e14f4b1c10, 0x000001e150e55d20, 0x000001e150e56c50,
0x000001e150e58090, 0x000001e150e585a0, 0x000001e150e58fc0, 0x000001e150e54df0,
0x000001e150e55810, 0x000001e1523ff010, 0x000001e152405f70, 0x000001e152404620,
0x000001e1524022b0, 0x000001e152406480, 0x000001e1523205c0, 0x000001e15231d830,
0x000001e153f77ec0, 0x000001e153f76f90, 0x000001e152401890, 0x000001e152320fe0,
0x000001e15231c3f0, 0x000001e15231d320, 0x000001e1523200b0, 0x000001e15231bee0,
0x000001e152321a00, 0x000001e1523214f0, 0x000001e152322420, 0x000001e15231dd40,
0x000001e15231f690, 0x000001e152322930, 0x000001e152322e40, 0x000001e150394260,
0x000001e15231e250, 0x000001e15231fba0, 0x000001e15231ec70, 0x000001e152323860,
0x000001e15231f180, 0x000001e152323350, 0x000001e15231ce10, 0x000001e15231c900,
0x000001e1534bbff0, 0x000001e1534b8840, 0x000001e1534b9c80, 0x000001e1534ba6a0,
0x000001e1534b8d50, 0x000001e1534bc500, 0x000001e1534b6ef0, 0x000001e1534b9260,
0x000001e1534b7e20, 0x000001e1534bca10, 0x000001e1534b7400, 0x000001e1534bb0c0,
0x000001e1534b5fc0, 0x000001e1534babb0, 0x000001e1534b55a0, 0x000001e1534b7910,
0x000001e1534bcf20, 0x000001e1534bd430, 0x000001e1534b9770, 0x000001e1534bd940,
0x000001e1534bb5d0, 0x000001e1534bbae0, 0x000001e1534b64d0, 0x000001e1534bde50,
0x000001e1534c1600, 0x000001e1534be360, 0x000001e1534c2a40, 0x000001e1534c2530
}

Java Threads: ( => current thread )
  0x000001e117c71330 JavaThread "main" [_thread_blocked, id=9700, stack(0x000000d523400000,0x000000d523500000)]
  0x000001e134907830 JavaThread "Reference Handler" daemon [_thread_blocked, id=4620, stack(0x000000d523b00000,0x000000d523c00000)]
  0x000001e1349086b0 JavaThread "Finalizer" daemon [_thread_blocked, id=8608, stack(0x000000d523c00000,0x000000d523d00000)]
  0x000001e1349213a0 JavaThread "Signal Dispatcher" daemon [_thread_blocked, id=19504, stack(0x000000d523d00000,0x000000d523e00000)]
  0x000001e1349220c0 JavaThread "Attach Listener" daemon [_thread_blocked, id=5024, stack(0x000000d523e00000,0x000000d523f00000)]
  0x000001e134922c80 JavaThread "Service Thread" daemon [_thread_blocked, id=21092, stack(0x000000d523f00000,0x000000d524000000)]
  0x000001e134925750 JavaThread "Monitor Deflation Thread" daemon [_thread_blocked, id=24052, stack(0x000000d524000000,0x000000d524100000)]
  0x000001e134928b10 JavaThread "C2 CompilerThread0" daemon [_thread_blocked, id=12436, stack(0x000000d524100000,0x000000d524200000)]
  0x000001e13492a3e0 JavaThread "C1 CompilerThread0" daemon [_thread_blocked, id=17496, stack(0x000000d524200000,0x000000d524300000)]
  0x000001e13492cd30 JavaThread "Sweeper thread" daemon [_thread_blocked, id=6692, stack(0x000000d524300000,0x000000d524400000)]
  0x000001e134b2d760 JavaThread "Common-Cleaner" daemon [_thread_blocked, id=23264, stack(0x000000d524400000,0x000000d524500000)]
  0x000001e134baf730 JavaThread "Notification Thread" daemon [_thread_blocked, id=20572, stack(0x000000d524500000,0x000000d524600000)]
  0x000001e14f943560 JavaThread "Daemon health stats" [_thread_blocked, id=4420, stack(0x000000d524e00000,0x000000d524f00000)]
  0x000001e14fe8e7c0 JavaThread "Incoming local TCP Connector on port 56516" [_thread_in_native, id=25532, stack(0x000000d524f00000,0x000000d525000000)]
  0x000001e15000fcc0 JavaThread "Daemon periodic checks" [_thread_blocked, id=9888, stack(0x000000d525000000,0x000000d525100000)]
  0x000001e14f4b02c0 JavaThread "Cache worker for journal cache (C:\Users\USER\.gradle\caches\journal-1)" [_thread_blocked, id=4916, stack(0x000000d525800000,0x000000d525900000)]
  0x000001e14f4b0ce0 JavaThread "File lock request listener" [_thread_in_native, id=3784, stack(0x000000d525900000,0x000000d525a00000)]
  0x000001e14f4b1c10 JavaThread "Cache worker for file hash cache (C:\Users\USER\.gradle\caches\8.7\fileHashes)" [_thread_blocked, id=20532, stack(0x000000d525a00000,0x000000d525b00000)]
  0x000001e150e55d20 JavaThread "File watcher server" daemon [_thread_blocked, id=9940, stack(0x000000d526000000,0x000000d526100000)]
  0x000001e150e56c50 JavaThread "File watcher consumer" daemon [_thread_blocked, id=24192, stack(0x000000d526100000,0x000000d526200000)]
  0x000001e150e58090 JavaThread "Cache worker for file content cache (C:\Users\USER\.gradle\caches\8.7\fileContent)" [_thread_blocked, id=1984, stack(0x000000d526700000,0x000000d526800000)]
  0x000001e150e585a0 JavaThread "jar transforms" [_thread_blocked, id=12484, stack(0x000000d526800000,0x000000d526900000)]
  0x000001e150e58fc0 JavaThread "jar transforms Thread 2" [_thread_blocked, id=2704, stack(0x000000d526900000,0x000000d526a00000)]
  0x000001e150e54df0 JavaThread "jar transforms Thread 3" [_thread_blocked, id=23884, stack(0x000000d526a00000,0x000000d526b00000)]
  0x000001e150e55810 JavaThread "jar transforms Thread 4" [_thread_blocked, id=1152, stack(0x000000d526b00000,0x000000d526c00000)]
  0x000001e1523ff010 JavaThread "jar transforms Thread 5" [_thread_blocked, id=22180, stack(0x000000d526c00000,0x000000d526d00000)]
  0x000001e152405f70 JavaThread "jar transforms Thread 6" [_thread_blocked, id=14296, stack(0x000000d526d00000,0x000000d526e00000)]
  0x000001e152404620 JavaThread "jar transforms Thread 7" [_thread_blocked, id=21616, stack(0x000000d526e00000,0x000000d526f00000)]
  0x000001e1524022b0 JavaThread "jar transforms Thread 8" [_thread_blocked, id=13396, stack(0x000000d526f00000,0x000000d527000000)]
  0x000001e152406480 JavaThread "jar transforms Thread 9" [_thread_blocked, id=15288, stack(0x000000d527100000,0x000000d527200000)]
  0x000001e1523205c0 JavaThread "Memory manager" [_thread_blocked, id=12156, stack(0x000000d528800000,0x000000d528900000)]
  0x000001e15231d830 JavaThread "jar transforms Thread 10" [_thread_blocked, id=9176, stack(0x000000d528900000,0x000000d528a00000)]
  0x000001e153f77ec0 JavaThread "jar transforms Thread 11" [_thread_blocked, id=24540, stack(0x000000d527300000,0x000000d527400000)]
  0x000001e153f76f90 JavaThread "jar transforms Thread 12" [_thread_blocked, id=23388, stack(0x000000d527400000,0x000000d527500000)]
  0x000001e152401890 JavaThread "Cache worker for Java compile cache (C:\Users\USER\.gradle\caches\8.7\javaCompile)" [_thread_blocked, id=20772, stack(0x000000d52f900000,0x000000d52fa00000)]
  0x000001e152320fe0 JavaThread "Daemon Thread 6" [_thread_blocked, id=15316, stack(0x000000d523100000,0x000000d523200000)]
  0x000001e15231c3f0 JavaThread "Handler for socket connection from /127.0.0.1:56516 to /127.0.0.1:57420" [_thread_in_native, id=21968, stack(0x000000d523200000,0x000000d523300000)]
  0x000001e15231d320 JavaThread "Cancel handler" [_thread_blocked, id=14436, stack(0x000000d523300000,0x000000d523400000)]
  0x000001e1523200b0 JavaThread "Daemon worker Thread 5" [_thread_blocked, id=23852, stack(0x000000d524700000,0x000000d524800000)]
  0x000001e15231bee0 JavaThread "Asynchronous log dispatcher for DefaultDaemonConnection: socket connection from /127.0.0.1:56516 to /127.0.0.1:57420" [_thread_blocked, id=23056, stack(0x000000d524800000,0x000000d524900000)]
  0x000001e152321a00 JavaThread "Stdin handler" [_thread_blocked, id=5560, stack(0x000000d525100000,0x000000d525200000)]
  0x000001e1523214f0 JavaThread "Daemon client event forwarder" [_thread_blocked, id=13464, stack(0x000000d525200000,0x000000d525300000)]
  0x000001e152322420 JavaThread "Cache worker for file hash cache (C:\final\.gradle\8.7\fileHashes)" [_thread_blocked, id=23460, stack(0x000000d525300000,0x000000d525400000)]
  0x000001e15231dd40 JavaThread "Cache worker for checksums cache (C:\final\.gradle\8.7\checksums)" [_thread_blocked, id=2372, stack(0x000000d525400000,0x000000d525500000)]
  0x000001e15231f690 JavaThread "Cache worker for cache directory md-supplier (C:\Users\USER\.gradle\caches\8.7\md-supplier)" [_thread_blocked, id=21368, stack(0x000000d525500000,0x000000d525600000)]
  0x000001e152322930 JavaThread "Cache worker for cache directory md-rule (C:\Users\USER\.gradle\caches\8.7\md-rule)" [_thread_blocked, id=6992, stack(0x000000d525600000,0x000000d525700000)]
  0x000001e152322e40 JavaThread "Cache worker for Build Output Cleanup Cache (C:\final\.gradle\buildOutputCleanup)" [_thread_blocked, id=18092, stack(0x000000d525700000,0x000000d525800000)]
  0x000001e150394260 JavaThread "C2 CompilerThread1" daemon [_thread_blocked, id=13892, stack(0x000000d525f00000,0x000000d526000000)]
  0x000001e15231e250 JavaThread "Unconstrained build operations" [_thread_blocked, id=23956, stack(0x000000d526400000,0x000000d526500000)]
  0x000001e15231fba0 JavaThread "Unconstrained build operations Thread 2" [_thread_blocked, id=2932, stack(0x000000d526500000,0x000000d526600000)]
  0x000001e15231ec70 JavaThread "Unconstrained build operations Thread 3" [_thread_blocked, id=18792, stack(0x000000d526600000,0x000000d526700000)]
  0x000001e152323860 JavaThread "Unconstrained build operations Thread 4" [_thread_blocked, id=7252, stack(0x000000d527000000,0x000000d527100000)]
  0x000001e15231f180 JavaThread "Unconstrained build operations Thread 5" [_thread_blocked, id=18448, stack(0x000000d527200000,0x000000d527300000)]
  0x000001e152323350 JavaThread "Unconstrained build operations Thread 6" [_thread_blocked, id=8128, stack(0x000000d527500000,0x000000d527600000)]
  0x000001e15231ce10 JavaThread "Unconstrained build operations Thread 7" [_thread_blocked, id=340, stack(0x000000d527600000,0x000000d527700000)]
  0x000001e15231c900 JavaThread "Unconstrained build operations Thread 8" [_thread_blocked, id=6188, stack(0x000000d527700000,0x000000d527800000)]
  0x000001e1534bbff0 JavaThread "Unconstrained build operations Thread 9" [_thread_blocked, id=9668, stack(0x000000d527800000,0x000000d527900000)]
  0x000001e1534b8840 JavaThread "Unconstrained build operations Thread 10" [_thread_blocked, id=14616, stack(0x000000d527900000,0x000000d527a00000)]
  0x000001e1534b9c80 JavaThread "Unconstrained build operations Thread 11" [_thread_blocked, id=18704, stack(0x000000d527a00000,0x000000d527b00000)]
  0x000001e1534ba6a0 JavaThread "included builds" [_thread_blocked, id=5040, stack(0x000000d527b00000,0x000000d527c00000)]
  0x000001e1534b8d50 JavaThread "Execution worker" [_thread_blocked, id=24152, stack(0x000000d527c00000,0x000000d527d00000)]
  0x000001e1534bc500 JavaThread "Execution worker Thread 2" [_thread_blocked, id=9680, stack(0x000000d527d00000,0x000000d527e00000)]
  0x000001e1534b6ef0 JavaThread "Execution worker Thread 3" [_thread_blocked, id=15428, stack(0x000000d527e00000,0x000000d527f00000)]
  0x000001e1534b9260 JavaThread "Execution worker Thread 4" [_thread_blocked, id=13876, stack(0x000000d527f00000,0x000000d528000000)]
  0x000001e1534b7e20 JavaThread "Execution worker Thread 5" [_thread_blocked, id=20824, stack(0x000000d528000000,0x000000d528100000)]
  0x000001e1534bca10 JavaThread "Execution worker Thread 6" [_thread_blocked, id=13856, stack(0x000000d528100000,0x000000d528200000)]
  0x000001e1534b7400 JavaThread "Execution worker Thread 7" [_thread_blocked, id=8468, stack(0x000000d528200000,0x000000d528300000)]
  0x000001e1534bb0c0 JavaThread "Execution worker Thread 8" [_thread_blocked, id=10808, stack(0x000000d528300000,0x000000d528400000)]
  0x000001e1534b5fc0 JavaThread "Execution worker Thread 9" [_thread_blocked, id=16876, stack(0x000000d528400000,0x000000d528500000)]
  0x000001e1534babb0 JavaThread "Execution worker Thread 10" [_thread_blocked, id=6840, stack(0x000000d528500000,0x000000d528600000)]
  0x000001e1534b55a0 JavaThread "Execution worker Thread 11" [_thread_blocked, id=24040, stack(0x000000d528600000,0x000000d528700000)]
  0x000001e1534b7910 JavaThread "Cache worker for execution history cache (C:\final\.gradle\8.7\executionHistory)" [_thread_blocked, id=25352, stack(0x000000d528700000,0x000000d528800000)]
  0x000001e1534bcf20 JavaThread "Unconstrained build operations Thread 12" [_thread_blocked, id=14740, stack(0x000000d528a00000,0x000000d528b00000)]
  0x000001e1534bd430 JavaThread "Unconstrained build operations Thread 13" [_thread_blocked, id=8952, stack(0x000000d528b00000,0x000000d528c00000)]
  0x000001e1534b9770 JavaThread "Unconstrained build operations Thread 14" [_thread_blocked, id=7404, stack(0x000000d528c00000,0x000000d528d00000)]
  0x000001e1534bd940 JavaThread "Unconstrained build operations Thread 15" [_thread_blocked, id=1616, stack(0x000000d528d00000,0x000000d528e00000)]
  0x000001e1534bb5d0 JavaThread "Unconstrained build operations Thread 16" [_thread_blocked, id=22036, stack(0x000000d528e00000,0x000000d528f00000)]
  0x000001e1534bbae0 JavaThread "Unconstrained build operations Thread 17" [_thread_blocked, id=25080, stack(0x000000d528f00000,0x000000d529000000)]
  0x000001e1534b64d0 JavaThread "Unconstrained build operations Thread 18" [_thread_blocked, id=21036, stack(0x000000d529000000,0x000000d529100000)]
  0x000001e1534bde50 JavaThread "Unconstrained build operations Thread 19" [_thread_blocked, id=14100, stack(0x000000d529100000,0x000000d529200000)]
  0x000001e1534c1600 JavaThread "Unconstrained build operations Thread 20" [_thread_blocked, id=23816, stack(0x000000d529200000,0x000000d529300000)]
  0x000001e1534be360 JavaThread "Unconstrained build operations Thread 21" [_thread_blocked, id=10100, stack(0x000000d529300000,0x000000d529400000)]
  0x000001e1534c2a40 JavaThread "Unconstrained build operations Thread 22" [_thread_blocked, id=2572, stack(0x000000d529400000,0x000000d529500000)]
  0x000001e1534c2530 JavaThread "Unconstrained build operations Thread 23" [_thread_blocked, id=23488, stack(0x000000d529500000,0x000000d529600000)]

Other Threads:
  0x000001e1348fc800 VMThread "VM Thread" [stack: 0x000000d523a00000,0x000000d523b00000] [id=20200]
  0x000001e117cbf070 WatcherThread [stack: 0x000000d524600000,0x000000d524700000] [id=11932]
=>0x000001e117ca00c0 GCTaskThread "GC Thread#0" [stack: 0x000000d523500000,0x000000d523600000] [id=13724]
  0x000001e14e13e4d0 GCTaskThread "GC Thread#1" [stack: 0x000000d524900000,0x000000d524a00000] [id=22344]
  0x000001e14e94c640 GCTaskThread "GC Thread#2" [stack: 0x000000d524a00000,0x000000d524b00000] [id=2028]
  0x000001e14e527100 GCTaskThread "GC Thread#3" [stack: 0x000000d524b00000,0x000000d524c00000] [id=13720]
  0x000001e14e5273c0 GCTaskThread "GC Thread#4" [stack: 0x000000d524c00000,0x000000d524d00000] [id=5320]
  0x000001e14ee2cf50 GCTaskThread "GC Thread#5" [stack: 0x000000d524d00000,0x000000d524e00000] [id=23344]
  0x000001e15290f7f0 GCTaskThread "GC Thread#6" [stack: 0x000000d525b00000,0x000000d525c00000] [id=14928]
  0x000001e15290e770 GCTaskThread "GC Thread#7" [stack: 0x000000d525c00000,0x000000d525d00000] [id=13548]
  0x000001e15290fd70 GCTaskThread "GC Thread#8" [stack: 0x000000d525d00000,0x000000d525e00000] [id=5692]
  0x000001e15290f270 GCTaskThread "GC Thread#9" [stack: 0x000000d525e00000,0x000000d525f00000] [id=23904]
  0x000001e117ca6020 ConcurrentGCThread "G1 Main Marker" [stack: 0x000000d523600000,0x000000d523700000] [id=25596]
  0x000001e117ca6a30 ConcurrentGCThread "G1 Conc#0" [stack: 0x000000d523700000,0x000000d523800000] [id=1524]
  0x000001e15290f530 ConcurrentGCThread "G1 Conc#1" [stack: 0x000000d526200000,0x000000d526300000] [id=1116]
  0x000001e15290fab0 ConcurrentGCThread "G1 Conc#2" [stack: 0x000000d526300000,0x000000d526400000] [id=8024]
  0x000001e1347c44f0 ConcurrentGCThread "G1 Refine#0" [stack: 0x000000d523800000,0x000000d523900000] [id=13960]
  0x000001e152395dc0 ConcurrentGCThread "G1 Refine#1" [stack: 0x000000d529700000,0x000000d529800000] [id=3052]
  0x000001e153bcf020 ConcurrentGCThread "G1 Refine#2" [stack: 0x000000d52b900000,0x000000d52ba00000] [id=13784]
  0x000001e153bce170 ConcurrentGCThread "G1 Refine#3" [stack: 0x000000d52ba00000,0x000000d52bb00000] [id=16220]
  0x000001e153bce750 ConcurrentGCThread "G1 Refine#4" [stack: 0x000000d52bb00000,0x000000d52bc00000] [id=9460]
  0x000001e1347c4f20 ConcurrentGCThread "G1 Service" [stack: 0x000000d523900000,0x000000d523a00000] [id=20500]

Threads with active compile tasks:
C2 CompilerThread0  1124112 20629 %     4       groovy.lang.MetaClassImpl::inheritInterfaceNewMetaMethods @ 100 (195 bytes)
C2 CompilerThread1  1124112 20637       4       org.gradle.internal.resources.DefaultResourceLockCoordinationService::maybeNotifyStateChange (94 bytes)

VM state: at safepoint (normal execution)

VM Mutex/Monitor currently owned by a thread:  ([mutex/lock_event])
[0x000001e117c6d8c0] Threads_lock - owner thread: 0x000001e1348fc800
[0x000001e117c6c750] Heap_lock - owner thread: 0x000001e1534c2530

Heap address: 0x00000000e0000000, size: 512 MB, Compressed Oops mode: 32-bit

CDS archive(s) mapped at: [0x000001e135000000-0x000001e135bd0000-0x000001e135bd0000), size 12386304, SharedBaseAddress: 0x000001e135000000, ArchiveRelocationMode: 1.
Compressed class space mapped at: 0x000001e136000000-0x000001e14a000000, reserved size: 335544320
Narrow klass base: 0x000001e135000000, Narrow klass shift: 0, Narrow klass range: 0x100000000

GC Precious Log:
 CPUs: 12 total, 12 available
 Memory: 32452M
 Large Page Support: Disabled
 NUMA Support: Disabled
 Compressed Oops: Enabled (32-bit)
 Heap Region Size: 1M
 Heap Min Capacity: 256M
 Heap Initial Capacity: 256M
 Heap Max Capacity: 512M
 Pre-touch: Disabled
 Parallel Workers: 10
 Concurrent Workers: 3
 Concurrent Refinement Workers: 10
 Periodic GC: Disabled

Heap:
 garbage-first heap   total 262144K, used 200277K [0x00000000e0000000, 0x0000000100000000)
  region size 1024K, 91 young (93184K), 7 survivors (7168K)
 Metaspace       used 71946K, committed 73920K, reserved 393216K
  class space    used 9537K, committed 10304K, reserved 327680K

Heap Regions: E=young(eden), S=young(survivor), O=old, HS=humongous(starts), HC=humongous(continues), CS=collection set, F=free, OA=open archive, CA=closed archive, TAMS=top-at-mark-start (previous, next)
|   0|0x00000000e0000000, 0x00000000e0100000, 0x00000000e0100000|100%|HS|  |TAMS 0x00000000e0100000, 0x00000000e0000000| Complete 
|   1|0x00000000e0100000, 0x00000000e0200000, 0x00000000e0200000|100%|HC|  |TAMS 0x00000000e0200000, 0x00000000e0100000| Complete 
|   2|0x00000000e0200000, 0x00000000e0300000, 0x00000000e0300000|100%|HC|  |TAMS 0x00000000e0300000, 0x00000000e0200000| Complete 
|   3|0x00000000e0300000, 0x00000000e0400000, 0x00000000e0400000|100%|HC|  |TAMS 0x00000000e0400000, 0x00000000e0300000| Complete 
|   4|0x00000000e0400000, 0x00000000e0500000, 0x00000000e0500000|100%| O|  |TAMS 0x00000000e0500000, 0x00000000e0400000| Untracked 
|   5|0x00000000e0500000, 0x00000000e0600000, 0x00000000e0600000|100%| O|  |TAMS 0x00000000e0600000, 0x00000000e0500000| Untracked 
|   6|0x00000000e0600000, 0x00000000e0700000, 0x00000000e0700000|100%| O|  |TAMS 0x00000000e0700000, 0x00000000e0600000| Untracked 
|   7|0x00000000e0700000, 0x00000000e0800000, 0x00000000e0800000|100%| O|  |TAMS 0x00000000e0800000, 0x00000000e0700000| Untracked 
|   8|0x00000000e0800000, 0x00000000e0900000, 0x00000000e0900000|100%| O|  |TAMS 0x00000000e0900000, 0x00000000e0800000| Untracked 
|   9|0x00000000e0900000, 0x00000000e0a00000, 0x00000000e0a00000|100%| O|  |TAMS 0x00000000e0a00000, 0x00000000e0900000| Untracked 
|  10|0x00000000e0a00000, 0x00000000e0b00000, 0x00000000e0b00000|100%| O|  |TAMS 0x00000000e0b00000, 0x00000000e0a00000| Untracked 
|  11|0x00000000e0b00000, 0x00000000e0c00000, 0x00000000e0c00000|100%| O|  |TAMS 0x00000000e0c00000, 0x00000000e0b00000| Untracked 
|  12|0x00000000e0c00000, 0x00000000e0d00000, 0x00000000e0d00000|100%| O|  |TAMS 0x00000000e0d00000, 0x00000000e0c00000| Untracked 
|  13|0x00000000e0d00000, 0x00000000e0e00000, 0x00000000e0e00000|100%| O|  |TAMS 0x00000000e0e00000, 0x00000000e0d00000| Untracked 
|  14|0x00000000e0e00000, 0x00000000e0f00000, 0x00000000e0f00000|100%| O|  |TAMS 0x00000000e0f00000, 0x00000000e0e00000| Untracked 
|  15|0x00000000e0f00000, 0x00000000e1000000, 0x00000000e1000000|100%| O|  |TAMS 0x00000000e1000000, 0x00000000e0f00000| Untracked 
|  16|0x00000000e1000000, 0x00000000e1100000, 0x00000000e1100000|100%| O|  |TAMS 0x00000000e1100000, 0x00000000e1000000| Untracked 
|  17|0x00000000e1100000, 0x00000000e1200000, 0x00000000e1200000|100%| O|  |TAMS 0x00000000e1200000, 0x00000000e1100000| Untracked 
|  18|0x00000000e1200000, 0x00000000e1300000, 0x00000000e1300000|100%| O|  |TAMS 0x00000000e1300000, 0x00000000e1200000| Untracked 
|  19|0x00000000e1300000, 0x00000000e1400000, 0x00000000e1400000|100%| O|  |TAMS 0x00000000e1400000, 0x00000000e1300000| Complete 
|  20|0x00000000e1400000, 0x00000000e1500000, 0x00000000e1500000|100%| O|  |TAMS 0x00000000e1500000, 0x00000000e1400000| Untracked 
|  21|0x00000000e1500000, 0x00000000e1600000, 0x00000000e1600000|100%| O|  |TAMS 0x00000000e1600000, 0x00000000e1500000| Untracked 
|  22|0x00000000e1600000, 0x00000000e1700000, 0x00000000e1700000|100%| O|  |TAMS 0x00000000e1700000, 0x00000000e1600000| Untracked 
|  23|0x00000000e1700000, 0x00000000e1800000, 0x00000000e1800000|100%| O|  |TAMS 0x00000000e1800000, 0x00000000e1700000| Untracked 
|  24|0x00000000e1800000, 0x00000000e1900000, 0x00000000e1900000|100%| O|  |TAMS 0x00000000e1900000, 0x00000000e1800000| Untracked 
|  25|0x00000000e1900000, 0x00000000e1a00000, 0x00000000e1a00000|100%| O|  |TAMS 0x00000000e1a00000, 0x00000000e1900000| Untracked 
|  26|0x00000000e1a00000, 0x00000000e1b00000, 0x00000000e1b00000|100%| O|  |TAMS 0x00000000e1b00000, 0x00000000e1a00000| Untracked 
|  27|0x00000000e1b00000, 0x00000000e1c00000, 0x00000000e1c00000|100%| O|  |TAMS 0x00000000e1c00000, 0x00000000e1b00000| Untracked 
|  28|0x00000000e1c00000, 0x00000000e1d00000, 0x00000000e1d00000|100%| O|  |TAMS 0x00000000e1d00000, 0x00000000e1c00000| Untracked 
|  29|0x00000000e1d00000, 0x00000000e1e00000, 0x00000000e1e00000|100%| O|  |TAMS 0x00000000e1e00000, 0x00000000e1d00000| Untracked 
|  30|0x00000000e1e00000, 0x00000000e1f00000, 0x00000000e1f00000|100%| O|  |TAMS 0x00000000e1f00000, 0x00000000e1e00000| Untracked 
|  31|0x00000000e1f00000, 0x00000000e2000000, 0x00000000e2000000|100%| O|  |TAMS 0x00000000e2000000, 0x00000000e1f00000| Untracked 
|  32|0x00000000e2000000, 0x00000000e2100000, 0x00000000e2100000|100%| O|  |TAMS 0x00000000e2100000, 0x00000000e2000000| Untracked 
|  33|0x00000000e2100000, 0x00000000e2200000, 0x00000000e2200000|100%| O|  |TAMS 0x00000000e2200000, 0x00000000e2100000| Untracked 
|  34|0x00000000e2200000, 0x00000000e2300000, 0x00000000e2300000|100%| O|  |TAMS 0x00000000e2200000, 0x00000000e2200000| Untracked 
|  35|0x00000000e2300000, 0x00000000e2400000, 0x00000000e2400000|100%| O|  |TAMS 0x00000000e2400000, 0x00000000e2300000| Untracked 
|  36|0x00000000e2400000, 0x00000000e2500000, 0x00000000e2500000|100%| O|  |TAMS 0x00000000e2500000, 0x00000000e2400000| Untracked 
|  37|0x00000000e2500000, 0x00000000e2600000, 0x00000000e2600000|100%| O|  |TAMS 0x00000000e2600000, 0x00000000e2500000| Untracked 
|  38|0x00000000e2600000, 0x00000000e2700000, 0x00000000e2700000|100%| O|  |TAMS 0x00000000e2700000, 0x00000000e2600000| Untracked 
|  39|0x00000000e2700000, 0x00000000e2800000, 0x00000000e2800000|100%| O|  |TAMS 0x00000000e2800000, 0x00000000e2700000| Untracked 
|  40|0x00000000e2800000, 0x00000000e2900000, 0x00000000e2900000|100%| O|  |TAMS 0x00000000e2900000, 0x00000000e2800000| Untracked 
|  41|0x00000000e2900000, 0x00000000e2a00000, 0x00000000e2a00000|100%| O|  |TAMS 0x00000000e2a00000, 0x00000000e2900000| Complete 
|  42|0x00000000e2a00000, 0x00000000e2b00000, 0x00000000e2b00000|100%| O|  |TAMS 0x00000000e2b00000, 0x00000000e2a00000| Untracked 
|  43|0x00000000e2b00000, 0x00000000e2c00000, 0x00000000e2c00000|100%| O|  |TAMS 0x00000000e2b00000, 0x00000000e2b00000| Untracked 
|  44|0x00000000e2c00000, 0x00000000e2d00000, 0x00000000e2d00000|100%| O|  |TAMS 0x00000000e2d00000, 0x00000000e2c00000| Complete 
|  45|0x00000000e2d00000, 0x00000000e2e00000, 0x00000000e2e00000|100%| O|  |TAMS 0x00000000e2e00000, 0x00000000e2d00000| Untracked 
|  46|0x00000000e2e00000, 0x00000000e2f00000, 0x00000000e2f00000|100%| O|  |TAMS 0x00000000e2f00000, 0x00000000e2e00000| Complete 
|  47|0x00000000e2f00000, 0x00000000e3000000, 0x00000000e3000000|100%| O|  |TAMS 0x00000000e2f00000, 0x00000000e2f00000| Untracked 
|  48|0x00000000e3000000, 0x00000000e3100000, 0x00000000e3100000|100%| O|  |TAMS 0x00000000e3100000, 0x00000000e3000000| Complete 
|  49|0x00000000e3100000, 0x00000000e3200000, 0x00000000e3200000|100%| O|  |TAMS 0x00000000e3200000, 0x00000000e3100000| Complete 
|  50|0x00000000e3200000, 0x00000000e3300000, 0x00000000e3300000|100%| O|  |TAMS 0x00000000e3300000, 0x00000000e3200000| Untracked 
|  51|0x00000000e3300000, 0x00000000e3400000, 0x00000000e3400000|100%| O|  |TAMS 0x00000000e3400000, 0x00000000e3300000| Complete 
|  52|0x00000000e3400000, 0x00000000e3500000, 0x00000000e3500000|100%| O|  |TAMS 0x00000000e3500000, 0x00000000e3400000| Complete 
|  53|0x00000000e3500000, 0x00000000e3600000, 0x00000000e3600000|100%| O|  |TAMS 0x00000000e3600000, 0x00000000e3500000| Complete 
|  54|0x00000000e3600000, 0x00000000e3700000, 0x00000000e3700000|100%| O|  |TAMS 0x00000000e36fe800, 0x00000000e3600000| Complete 
|  55|0x00000000e3700000, 0x00000000e3800000, 0x00000000e3800000|100%| O|  |TAMS 0x00000000e3700000, 0x00000000e3700000| Untracked 
|  56|0x00000000e3800000, 0x00000000e3900000, 0x00000000e3900000|100%| O|  |TAMS 0x00000000e3800000, 0x00000000e3800000| Untracked 
|  57|0x00000000e3900000, 0x00000000e3a00000, 0x00000000e3a00000|100%| O|  |TAMS 0x00000000e3a00000, 0x00000000e3900000| Complete 
|  58|0x00000000e3a00000, 0x00000000e3b00000, 0x00000000e3b00000|100%| O|  |TAMS 0x00000000e3a00000, 0x00000000e3a00000| Untracked 
|  59|0x00000000e3b00000, 0x00000000e3c00000, 0x00000000e3c00000|100%| O|  |TAMS 0x00000000e3c00000, 0x00000000e3b00000| Complete 
|  60|0x00000000e3c00000, 0x00000000e3d00000, 0x00000000e3d00000|100%| O|  |TAMS 0x00000000e3d00000, 0x00000000e3c00000| Complete 
|  61|0x00000000e3d00000, 0x00000000e3e00000, 0x00000000e3e00000|100%| O|  |TAMS 0x00000000e3e00000, 0x00000000e3d00000| Untracked 
|  62|0x00000000e3e00000, 0x00000000e3f00000, 0x00000000e3f00000|100%| O|  |TAMS 0x00000000e3f00000, 0x00000000e3e00000| Untracked 
|  63|0x00000000e3f00000, 0x00000000e4000000, 0x00000000e4000000|100%| O|  |TAMS 0x00000000e3f00000, 0x00000000e3f00000| Untracked 
|  64|0x00000000e4000000, 0x00000000e4100000, 0x00000000e4100000|100%| O|  |TAMS 0x00000000e4100000, 0x00000000e4000000| Untracked 
|  65|0x00000000e4100000, 0x00000000e4200000, 0x00000000e4200000|100%| O|  |TAMS 0x00000000e4100000, 0x00000000e4100000| Untracked 
|  66|0x00000000e4200000, 0x00000000e4300000, 0x00000000e4300000|100%| O|  |TAMS 0x00000000e4200000, 0x00000000e4200000| Untracked 
|  67|0x00000000e4300000, 0x00000000e4368418, 0x00000000e4400000| 40%| O|  |TAMS 0x00000000e4300000, 0x00000000e4300000| Untracked 
|  68|0x00000000e4400000, 0x00000000e4400000, 0x00000000e4500000|  0%| F|  |TAMS 0x00000000e4400000, 0x00000000e4400000| Untracked 
|  69|0x00000000e4500000, 0x00000000e4600000, 0x00000000e4600000|100%| O|  |TAMS 0x00000000e4600000, 0x00000000e4500000| Complete 
|  70|0x00000000e4600000, 0x00000000e4700000, 0x00000000e4700000|100%| O|  |TAMS 0x00000000e4700000, 0x00000000e4600000| Untracked 
|  71|0x00000000e4700000, 0x00000000e4800000, 0x00000000e4800000|100%| O|  |TAMS 0x00000000e4800000, 0x00000000e4700000| Untracked 
|  72|0x00000000e4800000, 0x00000000e4900000, 0x00000000e4900000|100%| O|  |TAMS 0x00000000e4900000, 0x00000000e4800000| Untracked 
|  73|0x00000000e4900000, 0x00000000e4a00000, 0x00000000e4a00000|100%| O|  |TAMS 0x00000000e4a00000, 0x00000000e4900000| Untracked 
|  74|0x00000000e4a00000, 0x00000000e4b00000, 0x00000000e4b00000|100%| O|  |TAMS 0x00000000e4b00000, 0x00000000e4a00000| Untracked 
|  75|0x00000000e4b00000, 0x00000000e4c00000, 0x00000000e4c00000|100%| O|  |TAMS 0x00000000e4c00000, 0x00000000e4b00000| Untracked 
|  76|0x00000000e4c00000, 0x00000000e4d00000, 0x00000000e4d00000|100%| O|  |TAMS 0x00000000e4d00000, 0x00000000e4c00000| Untracked 
|  77|0x00000000e4d00000, 0x00000000e4e00000, 0x00000000e4e00000|100%| O|  |TAMS 0x00000000e4e00000, 0x00000000e4d00000| Untracked 
|  78|0x00000000e4e00000, 0x00000000e4f00000, 0x00000000e4f00000|100%| O|  |TAMS 0x00000000e4f00000, 0x00000000e4e00000| Untracked 
|  79|0x00000000e4f00000, 0x00000000e5000000, 0x00000000e5000000|100%| O|  |TAMS 0x00000000e5000000, 0x00000000e4f00000| Untracked 
|  80|0x00000000e5000000, 0x00000000e5100000, 0x00000000e5100000|100%| O|  |TAMS 0x00000000e5100000, 0x00000000e5000000| Untracked 
|  81|0x00000000e5100000, 0x00000000e5200000, 0x00000000e5200000|100%| O|  |TAMS 0x00000000e5200000, 0x00000000e5100000| Untracked 
|  82|0x00000000e5200000, 0x00000000e5300000, 0x00000000e5300000|100%| O|  |TAMS 0x00000000e5300000, 0x00000000e5200000| Untracked 
|  83|0x00000000e5300000, 0x00000000e5400000, 0x00000000e5400000|100%| O|  |TAMS 0x00000000e5400000, 0x00000000e5300000| Complete 
|  84|0x00000000e5400000, 0x00000000e5500000, 0x00000000e5500000|100%| O|  |TAMS 0x00000000e5500000, 0x00000000e5400000| Complete 
|  85|0x00000000e5500000, 0x00000000e5500000, 0x00000000e5600000|  0%| F|  |TAMS 0x00000000e5500000, 0x00000000e5500000| Untracked 
|  86|0x00000000e5600000, 0x00000000e5700000, 0x00000000e5700000|100%| O|  |TAMS 0x00000000e5700000, 0x00000000e5600000| Complete 
|  87|0x00000000e5700000, 0x00000000e5700000, 0x00000000e5800000|  0%| F|  |TAMS 0x00000000e5700000, 0x00000000e5700000| Untracked 
|  88|0x00000000e5800000, 0x00000000e5800000, 0x00000000e5900000|  0%| F|  |TAMS 0x00000000e5800000, 0x00000000e5800000| Untracked 
|  89|0x00000000e5900000, 0x00000000e5a00000, 0x00000000e5a00000|100%| O|  |TAMS 0x00000000e5a00000, 0x00000000e5900000| Complete 
|  90|0x00000000e5a00000, 0x00000000e5a00000, 0x00000000e5b00000|  0%| F|  |TAMS 0x00000000e5a00000, 0x00000000e5a00000| Untracked 
|  91|0x00000000e5b00000, 0x00000000e5b00000, 0x00000000e5c00000|  0%| F|  |TAMS 0x00000000e5b00000, 0x00000000e5b00000| Untracked 
|  92|0x00000000e5c00000, 0x00000000e5c00000, 0x00000000e5d00000|  0%| F|  |TAMS 0x00000000e5c00000, 0x00000000e5c00000| Untracked 
|  93|0x00000000e5d00000, 0x00000000e5d00000, 0x00000000e5e00000|  0%| F|  |TAMS 0x00000000e5d00000, 0x00000000e5d00000| Untracked 
|  94|0x00000000e5e00000, 0x00000000e5f00000, 0x00000000e5f00000|100%| O|  |TAMS 0x00000000e5f00000, 0x00000000e5e00000| Complete 
|  95|0x00000000e5f00000, 0x00000000e5f00000, 0x00000000e6000000|  0%| F|  |TAMS 0x00000000e5f00000, 0x00000000e5f00000| Untracked 
|  96|0x00000000e6000000, 0x00000000e6000000, 0x00000000e6100000|  0%| F|  |TAMS 0x00000000e6000000, 0x00000000e6000000| Untracked 
|  97|0x00000000e6100000, 0x00000000e6100000, 0x00000000e6200000|  0%| F|  |TAMS 0x00000000e6100000, 0x00000000e6100000| Untracked 
|  98|0x00000000e6200000, 0x00000000e6200000, 0x00000000e6300000|  0%| F|  |TAMS 0x00000000e6200000, 0x00000000e6200000| Untracked 
|  99|0x00000000e6300000, 0x00000000e6400000, 0x00000000e6400000|100%| O|  |TAMS 0x00000000e6400000, 0x00000000e6300000| Complete 
| 100|0x00000000e6400000, 0x00000000e6500000, 0x00000000e6500000|100%| O|  |TAMS 0x00000000e6500000, 0x00000000e6400000| Complete 
| 101|0x00000000e6500000, 0x00000000e6500000, 0x00000000e6600000|  0%| F|  |TAMS 0x00000000e6500000, 0x00000000e6500000| Untracked 
| 102|0x00000000e6600000, 0x00000000e6700000, 0x00000000e6700000|100%| O|  |TAMS 0x00000000e6700000, 0x00000000e6600000| Complete 
| 103|0x00000000e6700000, 0x00000000e6800000, 0x00000000e6800000|100%| O|  |TAMS 0x00000000e6800000, 0x00000000e6700000| Complete 
| 104|0x00000000e6800000, 0x00000000e6800000, 0x00000000e6900000|  0%| F|  |TAMS 0x00000000e6800000, 0x00000000e6800000| Untracked 
| 105|0x00000000e6900000, 0x00000000e6900000, 0x00000000e6a00000|  0%| F|  |TAMS 0x00000000e6900000, 0x00000000e6900000| Untracked 
| 106|0x00000000e6a00000, 0x00000000e6a00000, 0x00000000e6b00000|  0%| F|  |TAMS 0x00000000e6a00000, 0x00000000e6a00000| Untracked 
| 107|0x00000000e6b00000, 0x00000000e6b00000, 0x00000000e6c00000|  0%| F|  |TAMS 0x00000000e6b00000, 0x00000000e6b00000| Untracked 
| 108|0x00000000e6c00000, 0x00000000e6c00000, 0x00000000e6d00000|  0%| F|  |TAMS 0x00000000e6c00000, 0x00000000e6c00000| Untracked 
| 109|0x00000000e6d00000, 0x00000000e6d00000, 0x00000000e6e00000|  0%| F|  |TAMS 0x00000000e6d00000, 0x00000000e6d00000| Untracked 
| 110|0x00000000e6e00000, 0x00000000e6e00000, 0x00000000e6f00000|  0%| F|  |TAMS 0x00000000e6e00000, 0x00000000e6e00000| Untracked 
| 111|0x00000000e6f00000, 0x00000000e7000000, 0x00000000e7000000|100%| O|  |TAMS 0x00000000e7000000, 0x00000000e6f00000| Untracked 
| 112|0x00000000e7000000, 0x00000000e7100000, 0x00000000e7100000|100%| O|  |TAMS 0x00000000e7100000, 0x00000000e7000000| Complete 
| 113|0x00000000e7100000, 0x00000000e7100000, 0x00000000e7200000|  0%| F|  |TAMS 0x00000000e7100000, 0x00000000e7100000| Untracked 
| 114|0x00000000e7200000, 0x00000000e7200000, 0x00000000e7300000|  0%| F|  |TAMS 0x00000000e7200000, 0x00000000e7200000| Untracked 
| 115|0x00000000e7300000, 0x00000000e7300000, 0x00000000e7400000|  0%| F|  |TAMS 0x00000000e7300000, 0x00000000e7300000| Untracked 
| 116|0x00000000e7400000, 0x00000000e7500000, 0x00000000e7500000|100%| O|  |TAMS 0x00000000e7500000, 0x00000000e7400000| Complete 
| 117|0x00000000e7500000, 0x00000000e7500000, 0x00000000e7600000|  0%| F|  |TAMS 0x00000000e7500000, 0x00000000e7500000| Untracked 
| 118|0x00000000e7600000, 0x00000000e7700000, 0x00000000e7700000|100%| O|  |TAMS 0x00000000e7700000, 0x00000000e7600000| Complete 
| 119|0x00000000e7700000, 0x00000000e7700000, 0x00000000e7800000|  0%| F|  |TAMS 0x00000000e7700000, 0x00000000e7700000| Untracked 
| 120|0x00000000e7800000, 0x00000000e7800000, 0x00000000e7900000|  0%| F|  |TAMS 0x00000000e7800000, 0x00000000e7800000| Untracked 
| 121|0x00000000e7900000, 0x00000000e7900000, 0x00000000e7a00000|  0%| F|  |TAMS 0x00000000e7900000, 0x00000000e7900000| Untracked 
| 122|0x00000000e7a00000, 0x00000000e7b00000, 0x00000000e7b00000|100%| O|  |TAMS 0x00000000e7b00000, 0x00000000e7a00000| Complete 
| 123|0x00000000e7b00000, 0x00000000e7c00000, 0x00000000e7c00000|100%| O|  |TAMS 0x00000000e7c00000, 0x00000000e7b00000| Untracked 
| 124|0x00000000e7c00000, 0x00000000e7d00000, 0x00000000e7d00000|100%| O|  |TAMS 0x00000000e7d00000, 0x00000000e7c00000| Untracked 
| 125|0x00000000e7d00000, 0x00000000e7e00000, 0x00000000e7e00000|100%| O|  |TAMS 0x00000000e7e00000, 0x00000000e7d00000| Untracked 
| 126|0x00000000e7e00000, 0x00000000e7f00000, 0x00000000e7f00000|100%| O|  |TAMS 0x00000000e7f00000, 0x00000000e7e00000| Untracked 
| 127|0x00000000e7f00000, 0x00000000e8000000, 0x00000000e8000000|100%| O|  |TAMS 0x00000000e8000000, 0x00000000e7f00000| Untracked 
| 128|0x00000000e8000000, 0x00000000e8100000, 0x00000000e8100000|100%| O|  |TAMS 0x00000000e8100000, 0x00000000e8000000| Complete 
| 129|0x00000000e8100000, 0x00000000e8200000, 0x00000000e8200000|100%| O|  |TAMS 0x00000000e8200000, 0x00000000e8100000| Complete 
| 130|0x00000000e8200000, 0x00000000e8300000, 0x00000000e8300000|100%| O|  |TAMS 0x00000000e8300000, 0x00000000e8200000| Complete 
| 131|0x00000000e8300000, 0x00000000e8400000, 0x00000000e8400000|100%| O|  |TAMS 0x00000000e8400000, 0x00000000e8300000| Untracked 
| 132|0x00000000e8400000, 0x00000000e8500000, 0x00000000e8500000|100%| O|  |TAMS 0x00000000e8500000, 0x00000000e8400000| Complete 
| 133|0x00000000e8500000, 0x00000000e8600000, 0x00000000e8600000|100%| O|  |TAMS 0x00000000e8600000, 0x00000000e8500000| Complete 
| 134|0x00000000e8600000, 0x00000000e8700000, 0x00000000e8700000|100%| O|  |TAMS 0x00000000e8700000, 0x00000000e8600000| Complete 
| 135|0x00000000e8700000, 0x00000000e8700000, 0x00000000e8800000|  0%| F|  |TAMS 0x00000000e8700000, 0x00000000e8700000| Untracked 
| 136|0x00000000e8800000, 0x00000000e8800000, 0x00000000e8900000|  0%| F|  |TAMS 0x00000000e8800000, 0x00000000e8800000| Untracked 
| 137|0x00000000e8900000, 0x00000000e8900000, 0x00000000e8a00000|  0%| F|  |TAMS 0x00000000e8900000, 0x00000000e8900000| Untracked 
| 138|0x00000000e8a00000, 0x00000000e8a00000, 0x00000000e8b00000|  0%| F|  |TAMS 0x00000000e8a00000, 0x00000000e8a00000| Untracked 
| 139|0x00000000e8b00000, 0x00000000e8b00000, 0x00000000e8c00000|  0%| F|  |TAMS 0x00000000e8b00000, 0x00000000e8b00000| Untracked 
| 140|0x00000000e8c00000, 0x00000000e8c00000, 0x00000000e8d00000|  0%| F|  |TAMS 0x00000000e8c00000, 0x00000000e8c00000| Untracked 
| 141|0x00000000e8d00000, 0x00000000e8d00000, 0x00000000e8e00000|  0%| F|  |TAMS 0x00000000e8d00000, 0x00000000e8d00000| Untracked 
| 142|0x00000000e8e00000, 0x00000000e8e00000, 0x00000000e8f00000|  0%| F|  |TAMS 0x00000000e8e00000, 0x00000000e8e00000| Untracked 
| 143|0x00000000e8f00000, 0x00000000e8f00000, 0x00000000e9000000|  0%| F|  |TAMS 0x00000000e8f00000, 0x00000000e8f00000| Untracked 
| 144|0x00000000e9000000, 0x00000000e9000000, 0x00000000e9100000|  0%| F|  |TAMS 0x00000000e9000000, 0x00000000e9000000| Untracked 
| 145|0x00000000e9100000, 0x00000000e9100000, 0x00000000e9200000|  0%| F|  |TAMS 0x00000000e9100000, 0x00000000e9100000| Untracked 
| 146|0x00000000e9200000, 0x00000000e9200000, 0x00000000e9300000|  0%| F|  |TAMS 0x00000000e9200000, 0x00000000e9200000| Untracked 
| 147|0x00000000e9300000, 0x00000000e9300000, 0x00000000e9400000|  0%| F|  |TAMS 0x00000000e9300000, 0x00000000e9300000| Untracked 
| 148|0x00000000e9400000, 0x00000000e9500000, 0x00000000e9500000|100%| E|CS|TAMS 0x00000000e9400000, 0x00000000e9400000| Complete 
| 149|0x00000000e9500000, 0x00000000e9600000, 0x00000000e9600000|100%| E|CS|TAMS 0x00000000e9500000, 0x00000000e9500000| Complete 
| 150|0x00000000e9600000, 0x00000000e9700000, 0x00000000e9700000|100%| E|CS|TAMS 0x00000000e9600000, 0x00000000e9600000| Complete 
| 151|0x00000000e9700000, 0x00000000e9800000, 0x00000000e9800000|100%| E|CS|TAMS 0x00000000e9700000, 0x00000000e9700000| Complete 
| 152|0x00000000e9800000, 0x00000000e9900000, 0x00000000e9900000|100%| E|CS|TAMS 0x00000000e9800000, 0x00000000e9800000| Complete 
| 153|0x00000000e9900000, 0x00000000e9a00000, 0x00000000e9a00000|100%| E|CS|TAMS 0x00000000e9900000, 0x00000000e9900000| Complete 
| 154|0x00000000e9a00000, 0x00000000e9b00000, 0x00000000e9b00000|100%| E|CS|TAMS 0x00000000e9a00000, 0x00000000e9a00000| Complete 
| 155|0x00000000e9b00000, 0x00000000e9c00000, 0x00000000e9c00000|100%| E|CS|TAMS 0x00000000e9b00000, 0x00000000e9b00000| Complete 
| 156|0x00000000e9c00000, 0x00000000e9d00000, 0x00000000e9d00000|100%| E|CS|TAMS 0x00000000e9c00000, 0x00000000e9c00000| Complete 
| 157|0x00000000e9d00000, 0x00000000e9e00000, 0x00000000e9e00000|100%| E|CS|TAMS 0x00000000e9d00000, 0x00000000e9d00000| Complete 
| 158|0x00000000e9e00000, 0x00000000e9f00000, 0x00000000e9f00000|100%| E|CS|TAMS 0x00000000e9e00000, 0x00000000e9e00000| Complete 
| 159|0x00000000e9f00000, 0x00000000ea000000, 0x00000000ea000000|100%| E|CS|TAMS 0x00000000e9f00000, 0x00000000e9f00000| Complete 
| 160|0x00000000ea000000, 0x00000000ea000000, 0x00000000ea100000|  0%| F|  |TAMS 0x00000000ea000000, 0x00000000ea000000| Untracked 
| 161|0x00000000ea100000, 0x00000000ea100000, 0x00000000ea200000|  0%| F|  |TAMS 0x00000000ea100000, 0x00000000ea100000| Untracked 
| 162|0x00000000ea200000, 0x00000000ea200000, 0x00000000ea300000|  0%| F|  |TAMS 0x00000000ea200000, 0x00000000ea200000| Untracked 
| 163|0x00000000ea300000, 0x00000000ea300000, 0x00000000ea400000|  0%| F|  |TAMS 0x00000000ea300000, 0x00000000ea300000| Untracked 
| 164|0x00000000ea400000, 0x00000000ea400000, 0x00000000ea500000|  0%| F|  |TAMS 0x00000000ea400000, 0x00000000ea400000| Untracked 
| 165|0x00000000ea500000, 0x00000000ea5ef358, 0x00000000ea600000| 93%| S|  |TAMS 0x00000000ea500000, 0x00000000ea500000| Complete 
| 166|0x00000000ea600000, 0x00000000ea700000, 0x00000000ea700000|100%| S|  |TAMS 0x00000000ea600000, 0x00000000ea600000| Complete 
| 167|0x00000000ea700000, 0x00000000ea800000, 0x00000000ea800000|100%| S|  |TAMS 0x00000000ea700000, 0x00000000ea700000| Complete 
| 168|0x00000000ea800000, 0x00000000ea900000, 0x00000000ea900000|100%| S|  |TAMS 0x00000000ea800000, 0x00000000ea800000| Complete 
| 169|0x00000000ea900000, 0x00000000eaa00000, 0x00000000eaa00000|100%| S|  |TAMS 0x00000000ea900000, 0x00000000ea900000| Complete 
| 170|0x00000000eaa00000, 0x00000000eab00000, 0x00000000eab00000|100%| S|  |TAMS 0x00000000eaa00000, 0x00000000eaa00000| Complete 
| 171|0x00000000eab00000, 0x00000000eac00000, 0x00000000eac00000|100%| S|  |TAMS 0x00000000eab00000, 0x00000000eab00000| Complete 
| 172|0x00000000eac00000, 0x00000000ead00000, 0x00000000ead00000|100%| E|CS|TAMS 0x00000000eac00000, 0x00000000eac00000| Complete 
| 173|0x00000000ead00000, 0x00000000eae00000, 0x00000000eae00000|100%| E|CS|TAMS 0x00000000ead00000, 0x00000000ead00000| Complete 
| 174|0x00000000eae00000, 0x00000000eaf00000, 0x00000000eaf00000|100%| E|CS|TAMS 0x00000000eae00000, 0x00000000eae00000| Complete 
| 175|0x00000000eaf00000, 0x00000000eb000000, 0x00000000eb000000|100%| E|CS|TAMS 0x00000000eaf00000, 0x00000000eaf00000| Complete 
| 176|0x00000000eb000000, 0x00000000eb100000, 0x00000000eb100000|100%| E|CS|TAMS 0x00000000eb000000, 0x00000000eb000000| Complete 
| 177|0x00000000eb100000, 0x00000000eb200000, 0x00000000eb200000|100%| E|CS|TAMS 0x00000000eb100000, 0x00000000eb100000| Complete 
| 178|0x00000000eb200000, 0x00000000eb300000, 0x00000000eb300000|100%| E|CS|TAMS 0x00000000eb200000, 0x00000000eb200000| Complete 
| 179|0x00000000eb300000, 0x00000000eb400000, 0x00000000eb400000|100%| E|CS|TAMS 0x00000000eb300000, 0x00000000eb300000| Complete 
| 180|0x00000000eb400000, 0x00000000eb500000, 0x00000000eb500000|100%| E|CS|TAMS 0x00000000eb400000, 0x00000000eb400000| Complete 
| 181|0x00000000eb500000, 0x00000000eb600000, 0x00000000eb600000|100%| E|CS|TAMS 0x00000000eb500000, 0x00000000eb500000| Complete 
| 182|0x00000000eb600000, 0x00000000eb700000, 0x00000000eb700000|100%| E|CS|TAMS 0x00000000eb600000, 0x00000000eb600000| Complete 
| 183|0x00000000eb700000, 0x00000000eb800000, 0x00000000eb800000|100%| E|CS|TAMS 0x00000000eb700000, 0x00000000eb700000| Complete 
| 184|0x00000000eb800000, 0x00000000eb900000, 0x00000000eb900000|100%| E|CS|TAMS 0x00000000eb800000, 0x00000000eb800000| Complete 
| 185|0x00000000eb900000, 0x00000000eba00000, 0x00000000eba00000|100%| E|CS|TAMS 0x00000000eb900000, 0x00000000eb900000| Complete 
| 186|0x00000000eba00000, 0x00000000ebb00000, 0x00000000ebb00000|100%| E|CS|TAMS 0x00000000eba00000, 0x00000000eba00000| Complete 
| 187|0x00000000ebb00000, 0x00000000ebc00000, 0x00000000ebc00000|100%| E|CS|TAMS 0x00000000ebb00000, 0x00000000ebb00000| Complete 
| 188|0x00000000ebc00000, 0x00000000ebd00000, 0x00000000ebd00000|100%| E|CS|TAMS 0x00000000ebc00000, 0x00000000ebc00000| Complete 
| 189|0x00000000ebd00000, 0x00000000ebe00000, 0x00000000ebe00000|100%| E|CS|TAMS 0x00000000ebd00000, 0x00000000ebd00000| Complete 
| 190|0x00000000ebe00000, 0x00000000ebf00000, 0x00000000ebf00000|100%| E|CS|TAMS 0x00000000ebe00000, 0x00000000ebe00000| Complete 
| 191|0x00000000ebf00000, 0x00000000ec000000, 0x00000000ec000000|100%| E|CS|TAMS 0x00000000ebf00000, 0x00000000ebf00000| Complete 
| 192|0x00000000ec000000, 0x00000000ec100000, 0x00000000ec100000|100%| E|CS|TAMS 0x00000000ec000000, 0x00000000ec000000| Complete 
| 193|0x00000000ec100000, 0x00000000ec200000, 0x00000000ec200000|100%| E|CS|TAMS 0x00000000ec100000, 0x00000000ec100000| Complete 
| 194|0x00000000ec200000, 0x00000000ec300000, 0x00000000ec300000|100%| E|CS|TAMS 0x00000000ec200000, 0x00000000ec200000| Complete 
| 195|0x00000000ec300000, 0x00000000ec400000, 0x00000000ec400000|100%| E|CS|TAMS 0x00000000ec300000, 0x00000000ec300000| Complete 
| 196|0x00000000ec400000, 0x00000000ec500000, 0x00000000ec500000|100%| E|CS|TAMS 0x00000000ec400000, 0x00000000ec400000| Complete 
| 197|0x00000000ec500000, 0x00000000ec600000, 0x00000000ec600000|100%| E|CS|TAMS 0x00000000ec500000, 0x00000000ec500000| Complete 
| 198|0x00000000ec600000, 0x00000000ec700000, 0x00000000ec700000|100%| E|CS|TAMS 0x00000000ec600000, 0x00000000ec600000| Complete 
| 199|0x00000000ec700000, 0x00000000ec800000, 0x00000000ec800000|100%| E|CS|TAMS 0x00000000ec700000, 0x00000000ec700000| Complete 
| 200|0x00000000ec800000, 0x00000000ec900000, 0x00000000ec900000|100%| E|CS|TAMS 0x00000000ec800000, 0x00000000ec800000| Complete 
| 201|0x00000000ec900000, 0x00000000eca00000, 0x00000000eca00000|100%| E|CS|TAMS 0x00000000ec900000, 0x00000000ec900000| Complete 
| 202|0x00000000eca00000, 0x00000000ecb00000, 0x00000000ecb00000|100%| E|CS|TAMS 0x00000000eca00000, 0x00000000eca00000| Complete 
| 203|0x00000000ecb00000, 0x00000000ecc00000, 0x00000000ecc00000|100%| E|CS|TAMS 0x00000000ecb00000, 0x00000000ecb00000| Complete 
| 204|0x00000000ecc00000, 0x00000000ecd00000, 0x00000000ecd00000|100%| E|CS|TAMS 0x00000000ecc00000, 0x00000000ecc00000| Complete 
| 205|0x00000000ecd00000, 0x00000000ece00000, 0x00000000ece00000|100%| E|CS|TAMS 0x00000000ecd00000, 0x00000000ecd00000| Complete 
| 206|0x00000000ece00000, 0x00000000ecf00000, 0x00000000ecf00000|100%| E|CS|TAMS 0x00000000ece00000, 0x00000000ece00000| Complete 
| 207|0x00000000ecf00000, 0x00000000ed000000, 0x00000000ed000000|100%| E|CS|TAMS 0x00000000ecf00000, 0x00000000ecf00000| Complete 
| 208|0x00000000ed000000, 0x00000000ed100000, 0x00000000ed100000|100%| E|CS|TAMS 0x00000000ed000000, 0x00000000ed000000| Complete 
| 209|0x00000000ed100000, 0x00000000ed200000, 0x00000000ed200000|100%| E|CS|TAMS 0x00000000ed100000, 0x00000000ed100000| Complete 
| 210|0x00000000ed200000, 0x00000000ed300000, 0x00000000ed300000|100%| E|CS|TAMS 0x00000000ed200000, 0x00000000ed200000| Complete 
| 211|0x00000000ed300000, 0x00000000ed400000, 0x00000000ed400000|100%| E|CS|TAMS 0x00000000ed300000, 0x00000000ed300000| Complete 
| 212|0x00000000ed400000, 0x00000000ed500000, 0x00000000ed500000|100%| E|CS|TAMS 0x00000000ed400000, 0x00000000ed400000| Complete 
| 213|0x00000000ed500000, 0x00000000ed600000, 0x00000000ed600000|100%| E|CS|TAMS 0x00000000ed500000, 0x00000000ed500000| Complete 
| 214|0x00000000ed600000, 0x00000000ed700000, 0x00000000ed700000|100%| E|CS|TAMS 0x00000000ed600000, 0x00000000ed600000| Complete 
| 215|0x00000000ed700000, 0x00000000ed800000, 0x00000000ed800000|100%| E|CS|TAMS 0x00000000ed700000, 0x00000000ed700000| Complete 
| 216|0x00000000ed800000, 0x00000000ed900000, 0x00000000ed900000|100%| E|CS|TAMS 0x00000000ed800000, 0x00000000ed800000| Complete 
| 217|0x00000000ed900000, 0x00000000eda00000, 0x00000000eda00000|100%| E|CS|TAMS 0x00000000ed900000, 0x00000000ed900000| Complete 
| 218|0x00000000eda00000, 0x00000000edb00000, 0x00000000edb00000|100%| E|CS|TAMS 0x00000000eda00000, 0x00000000eda00000| Complete 
| 219|0x00000000edb00000, 0x00000000edc00000, 0x00000000edc00000|100%| E|CS|TAMS 0x00000000edb00000, 0x00000000edb00000| Complete 
| 220|0x00000000edc00000, 0x00000000edd00000, 0x00000000edd00000|100%| E|CS|TAMS 0x00000000edc00000, 0x00000000edc00000| Complete 
| 221|0x00000000edd00000, 0x00000000ede00000, 0x00000000ede00000|100%| E|CS|TAMS 0x00000000edd00000, 0x00000000edd00000| Complete 
| 222|0x00000000ede00000, 0x00000000edf00000, 0x00000000edf00000|100%| E|CS|TAMS 0x00000000ede00000, 0x00000000ede00000| Complete 
| 223|0x00000000edf00000, 0x00000000ee000000, 0x00000000ee000000|100%| E|CS|TAMS 0x00000000edf00000, 0x00000000edf00000| Complete 
| 224|0x00000000ee000000, 0x00000000ee100000, 0x00000000ee100000|100%| E|CS|TAMS 0x00000000ee000000, 0x00000000ee000000| Complete 
| 225|0x00000000ee100000, 0x00000000ee200000, 0x00000000ee200000|100%| E|CS|TAMS 0x00000000ee100000, 0x00000000ee100000| Complete 
| 226|0x00000000ee200000, 0x00000000ee300000, 0x00000000ee300000|100%| E|CS|TAMS 0x00000000ee200000, 0x00000000ee200000| Complete 
| 227|0x00000000ee300000, 0x00000000ee400000, 0x00000000ee400000|100%| E|CS|TAMS 0x00000000ee300000, 0x00000000ee300000| Complete 
| 228|0x00000000ee400000, 0x00000000ee500000, 0x00000000ee500000|100%| E|CS|TAMS 0x00000000ee400000, 0x00000000ee400000| Complete 
| 229|0x00000000ee500000, 0x00000000ee600000, 0x00000000ee600000|100%| E|CS|TAMS 0x00000000ee500000, 0x00000000ee500000| Complete 
| 230|0x00000000ee600000, 0x00000000ee700000, 0x00000000ee700000|100%| E|CS|TAMS 0x00000000ee600000, 0x00000000ee600000| Complete 
| 231|0x00000000ee700000, 0x00000000ee800000, 0x00000000ee800000|100%| E|CS|TAMS 0x00000000ee700000, 0x00000000ee700000| Complete 
| 232|0x00000000ee800000, 0x00000000ee900000, 0x00000000ee900000|100%| E|CS|TAMS 0x00000000ee800000, 0x00000000ee800000| Complete 
| 233|0x00000000ee900000, 0x00000000eea00000, 0x00000000eea00000|100%| E|CS|TAMS 0x00000000ee900000, 0x00000000ee900000| Complete 
| 234|0x00000000eea00000, 0x00000000eeb00000, 0x00000000eeb00000|100%| E|CS|TAMS 0x00000000eea00000, 0x00000000eea00000| Complete 
| 235|0x00000000eeb00000, 0x00000000eec00000, 0x00000000eec00000|100%| E|CS|TAMS 0x00000000eeb00000, 0x00000000eeb00000| Complete 
| 236|0x00000000eec00000, 0x00000000eed00000, 0x00000000eed00000|100%| E|CS|TAMS 0x00000000eec00000, 0x00000000eec00000| Complete 
| 237|0x00000000eed00000, 0x00000000eee00000, 0x00000000eee00000|100%| E|CS|TAMS 0x00000000eed00000, 0x00000000eed00000| Complete 
| 238|0x00000000eee00000, 0x00000000eef00000, 0x00000000eef00000|100%| E|CS|TAMS 0x00000000eee00000, 0x00000000eee00000| Complete 
| 239|0x00000000eef00000, 0x00000000ef000000, 0x00000000ef000000|100%| E|CS|TAMS 0x00000000eef00000, 0x00000000eef00000| Complete 
| 240|0x00000000ef000000, 0x00000000ef100000, 0x00000000ef100000|100%| E|CS|TAMS 0x00000000ef000000, 0x00000000ef000000| Complete 
| 241|0x00000000ef100000, 0x00000000ef200000, 0x00000000ef200000|100%| E|CS|TAMS 0x00000000ef100000, 0x00000000ef100000| Complete 
| 242|0x00000000ef200000, 0x00000000ef300000, 0x00000000ef300000|100%| E|CS|TAMS 0x00000000ef200000, 0x00000000ef200000| Complete 
| 243|0x00000000ef300000, 0x00000000ef400000, 0x00000000ef400000|100%| E|CS|TAMS 0x00000000ef300000, 0x00000000ef300000| Complete 
| 244|0x00000000ef400000, 0x00000000ef500000, 0x00000000ef500000|100%| E|CS|TAMS 0x00000000ef400000, 0x00000000ef400000| Complete 
| 245|0x00000000ef500000, 0x00000000ef600000, 0x00000000ef600000|100%| E|CS|TAMS 0x00000000ef500000, 0x00000000ef500000| Complete 
| 246|0x00000000ef600000, 0x00000000ef700000, 0x00000000ef700000|100%| E|CS|TAMS 0x00000000ef600000, 0x00000000ef600000| Complete 
| 247|0x00000000ef700000, 0x00000000ef800000, 0x00000000ef800000|100%| E|CS|TAMS 0x00000000ef700000, 0x00000000ef700000| Complete 
| 248|0x00000000ef800000, 0x00000000ef900000, 0x00000000ef900000|100%| E|CS|TAMS 0x00000000ef800000, 0x00000000ef800000| Complete 
| 249|0x00000000ef900000, 0x00000000efa00000, 0x00000000efa00000|100%| E|CS|TAMS 0x00000000ef900000, 0x00000000ef900000| Complete 
| 250|0x00000000efa00000, 0x00000000efb00000, 0x00000000efb00000|100%| E|CS|TAMS 0x00000000efa00000, 0x00000000efa00000| Complete 
| 251|0x00000000efb00000, 0x00000000efc00000, 0x00000000efc00000|100%| E|CS|TAMS 0x00000000efb00000, 0x00000000efb00000| Complete 
| 252|0x00000000efc00000, 0x00000000efd00000, 0x00000000efd00000|100%| E|CS|TAMS 0x00000000efc00000, 0x00000000efc00000| Complete 
| 253|0x00000000efd00000, 0x00000000efe00000, 0x00000000efe00000|100%| E|CS|TAMS 0x00000000efd00000, 0x00000000efd00000| Complete 
| 254|0x00000000efe00000, 0x00000000eff00000, 0x00000000eff00000|100%| E|CS|TAMS 0x00000000efe00000, 0x00000000efe00000| Complete 
| 255|0x00000000eff00000, 0x00000000f0000000, 0x00000000f0000000|100%| E|CS|TAMS 0x00000000eff00000, 0x00000000eff00000| Complete 

Card table byte_map: [0x000001e130aa0000,0x000001e130ba0000] _byte_map_base: 0x000001e1303a0000

Marking Bits (Prev, Next): (CMBitMap*) 0x000001e117ca16f0, (CMBitMap*) 0x000001e117ca1730
 Prev Bits: [0x000001e130ca0000, 0x000001e1314a0000)
 Next Bits: [0x000001e1314a0000, 0x000001e131ca0000)

Polling page: 0x000001e117d40000

Metaspace:

Usage:
  Non-class:     60.95 MB used.
      Class:      9.31 MB used.
       Both:     70.26 MB used.

Virtual space:
  Non-class space:       64.00 MB reserved,      62.12 MB ( 97%) committed,  1 nodes.
      Class space:      320.00 MB reserved,      10.06 MB (  3%) committed,  1 nodes.
             Both:      384.00 MB reserved,      72.19 MB ( 19%) committed. 

Chunk freelists:
   Non-Class:  2.48 MB
       Class:  6.12 MB
        Both:  8.60 MB

MaxMetaspaceSize: 384.00 MB
CompressedClassSpaceSize: 320.00 MB
Initial GC threshold: 21.00 MB
Current GC threshold: 122.12 MB
CDS: on
MetaspaceReclaimPolicy: balanced
 - commit_granule_bytes: 65536.
 - commit_granule_words: 8192.
 - virtual_space_node_default_size: 8388608.
 - enlarge_chunks_in_place: 1.
 - new_chunks_are_fully_committed: 0.
 - uncommit_free_chunks: 1.
 - use_allocation_guard: 0.
 - handle_deallocations: 1.


Internal statistics:

num_allocs_failed_limit: 15.
num_arena_births: 2288.
num_arena_deaths: 338.
num_vsnodes_births: 2.
num_vsnodes_deaths: 0.
num_space_committed: 1191.
num_space_uncommitted: 36.
num_chunks_returned_to_freelist: 627.
num_chunks_taken_from_freelist: 5979.
num_chunk_merges: 178.
num_chunk_splits: 3402.
num_chunks_enlarged: 1671.
num_inconsistent_stats: 0.

CodeHeap 'non-profiled nmethods': size=120000Kb used=16960Kb max_used=17426Kb free=103039Kb
 bounds [0x000001e1287e0000, 0x000001e1298f0000, 0x000001e12fd10000]
CodeHeap 'profiled nmethods': size=120000Kb used=28018Kb max_used=29886Kb free=91981Kb
 bounds [0x000001e120d10000, 0x000001e122a50000, 0x000001e128240000]
CodeHeap 'non-nmethods': size=5760Kb used=2362Kb max_used=2463Kb free=3397Kb
 bounds [0x000001e128240000, 0x000001e1284b0000, 0x000001e1287e0000]
 total_blobs=16716 nmethods=15836 adapters=791
 compilation: enabled
              stopped_count=0, restarted_count=0
 full_count=0

Compilation events (20 events):
Event: 1124.028 Thread 0x000001e13492a3e0 20642       3       org.gradle.cache.internal.filelock.LockFileAccess::tryLockInfo (13 bytes)
Event: 1124.028 Thread 0x000001e13492a3e0 nmethod 20642 0x000001e122655510 code [0x000001e1226556c0, 0x000001e122655828]
Event: 1124.028 Thread 0x000001e13492a3e0 20643   !   3       org.gradle.cache.internal.filelock.LockInfoAccess::tryLock (39 bytes)
Event: 1124.028 Thread 0x000001e13492a3e0 nmethod 20643 0x000001e121be4f10 code [0x000001e121be5100, 0x000001e121be55b8]
Event: 1124.028 Thread 0x000001e13492a3e0 20644   !   3       sun.nio.ch.FileChannelImpl::release (83 bytes)
Event: 1124.029 Thread 0x000001e13492a3e0 nmethod 20644 0x000001e121ec7e90 code [0x000001e121ec80c0, 0x000001e121ec86f8]
Event: 1124.029 Thread 0x000001e13492a3e0 20645       3       org.gradle.api.internal.file.collections.DefaultConfigurableFileCollection::visitChildren (34 bytes)
Event: 1124.030 Thread 0x000001e13492a3e0 nmethod 20645 0x000001e12264d190 code [0x000001e12264d440, 0x000001e12264e2f8]
Event: 1124.030 Thread 0x000001e13492a3e0 20646       3       org.gradle.api.internal.file.collections.DefaultConfigurableFileCollection$$Lambda$1304/0x000001e13672aa08::<init> (10 bytes)
Event: 1124.030 Thread 0x000001e13492a3e0 nmethod 20646 0x000001e122657690 code [0x000001e122657820, 0x000001e1226579d8]
Event: 1124.030 Thread 0x000001e13492a3e0 20647       3       org.gradle.api.internal.file.collections.DefaultConfigurableFileCollection$$Lambda$1305/0x000001e13672ac28::<init> (10 bytes)
Event: 1124.030 Thread 0x000001e13492a3e0 nmethod 20647 0x000001e12269b310 code [0x000001e12269b4a0, 0x000001e12269b658]
Event: 1124.030 Thread 0x000001e13492a3e0 20648       3       org.gradle.internal.snapshot.SnapshotUtil::getRootHashes (33 bytes)
Event: 1124.031 Thread 0x000001e13492a3e0 nmethod 20648 0x000001e121de1b10 code [0x000001e121de1dc0, 0x000001e121de2bc8]
Event: 1124.031 Thread 0x000001e13492a3e0 20649       3       org.gradle.internal.snapshot.SnapshotUtil$$Lambda$488/0x000001e1363fa520::<init> (10 bytes)
Event: 1124.031 Thread 0x000001e13492a3e0 nmethod 20649 0x000001e1226e0810 code [0x000001e1226e09a0, 0x000001e1226e0b58]
Event: 1124.032 Thread 0x000001e13492a3e0 20650       3       java.security.SecureRandom::next (61 bytes)
Event: 1124.032 Thread 0x000001e13492a3e0 nmethod 20650 0x000001e121b30710 code [0x000001e121b308c0, 0x000001e121b30be8]
Event: 1124.037 Thread 0x000001e150394260 nmethod 20558 0x000001e129576990 code [0x000001e129576c60, 0x000001e129578850]
Event: 1124.037 Thread 0x000001e150394260 20637       4       org.gradle.internal.resources.DefaultResourceLockCoordinationService::maybeNotifyStateChange (94 bytes)

GC Heap History (20 events):
Event: 635.009 GC heap after
{Heap after GC invocations=56 (full 0):
 garbage-first heap   total 262144K, used 122336K [0x00000000e0000000, 0x0000000100000000)
  region size 1024K, 11 young (11264K), 11 survivors (11264K)
 Metaspace       used 71501K, committed 73344K, reserved 393216K
  class space    used 9568K, committed 10368K, reserved 327680K
}
Event: 635.455 GC heap before
{Heap before GC invocations=57 (full 0):
 garbage-first heap   total 262144K, used 199136K [0x00000000e0000000, 0x0000000100000000)
  region size 1024K, 96 young (98304K), 11 survivors (11264K)
 Metaspace       used 71672K, committed 73408K, reserved 393216K
  class space    used 9575K, committed 10368K, reserved 327680K
}
Event: 635.463 GC heap after
{Heap after GC invocations=58 (full 0):
 garbage-first heap   total 262144K, used 122666K [0x00000000e0000000, 0x0000000100000000)
  region size 1024K, 12 young (12288K), 12 survivors (12288K)
 Metaspace       used 71672K, committed 73408K, reserved 393216K
  class space    used 9575K, committed 10368K, reserved 327680K
}
Event: 635.478 GC heap before
{Heap before GC invocations=58 (full 0):
 garbage-first heap   total 262144K, used 123690K [0x00000000e0000000, 0x0000000100000000)
  region size 1024K, 13 young (13312K), 12 survivors (12288K)
 Metaspace       used 71672K, committed 73408K, reserved 393216K
  class space    used 9575K, committed 10368K, reserved 327680K
}
Event: 635.484 GC heap after
{Heap after GC invocations=59 (full 0):
 garbage-first heap   total 262144K, used 110650K [0x00000000e0000000, 0x0000000100000000)
  region size 1024K, 2 young (2048K), 2 survivors (2048K)
 Metaspace       used 71672K, committed 73408K, reserved 393216K
  class space    used 9575K, committed 10368K, reserved 327680K
}
Event: 636.210 GC heap before
{Heap before GC invocations=59 (full 0):
 garbage-first heap   total 262144K, used 199738K [0x00000000e0000000, 0x0000000100000000)
  region size 1024K, 90 young (92160K), 2 survivors (2048K)
 Metaspace       used 73375K, committed 74624K, reserved 393216K
  class space    used 9772K, committed 10432K, reserved 327680K
}
Event: 636.215 GC heap after
{Heap after GC invocations=60 (full 0):
 garbage-first heap   total 262144K, used 117137K [0x00000000e0000000, 0x0000000100000000)
  region size 1024K, 8 young (8192K), 8 survivors (8192K)
 Metaspace       used 73375K, committed 74624K, reserved 393216K
  class space    used 9772K, committed 10432K, reserved 327680K
}
Event: 647.488 GC heap before
{Heap before GC invocations=60 (full 0):
 garbage-first heap   total 262144K, used 202129K [0x00000000e0000000, 0x0000000100000000)
  region size 1024K, 92 young (94208K), 8 survivors (8192K)
 Metaspace       used 73704K, committed 75008K, reserved 393216K
  class space    used 9782K, committed 10432K, reserved 327680K
}
Event: 647.495 GC heap after
{Heap after GC invocations=61 (full 0):
 garbage-first heap   total 262144K, used 125198K [0x00000000e0000000, 0x0000000100000000)
  region size 1024K, 9 young (9216K), 9 survivors (9216K)
 Metaspace       used 73704K, committed 75008K, reserved 393216K
  class space    used 9782K, committed 10432K, reserved 327680K
}
Event: 647.770 GC heap before
{Heap before GC invocations=61 (full 0):
 garbage-first heap   total 262144K, used 206094K [0x00000000e0000000, 0x0000000100000000)
  region size 1024K, 88 young (90112K), 9 survivors (9216K)
 Metaspace       used 73704K, committed 75008K, reserved 393216K
  class space    used 9782K, committed 10432K, reserved 327680K
}
Event: 647.778 GC heap after
{Heap after GC invocations=62 (full 0):
 garbage-first heap   total 262144K, used 133977K [0x00000000e0000000, 0x0000000100000000)
  region size 1024K, 9 young (9216K), 9 survivors (9216K)
 Metaspace       used 73704K, committed 75008K, reserved 393216K
  class space    used 9782K, committed 10432K, reserved 327680K
}
Event: 1042.662 GC heap before
{Heap before GC invocations=63 (full 0):
 garbage-first heap   total 262144K, used 202585K [0x00000000e0000000, 0x0000000100000000)
  region size 1024K, 82 young (83968K), 9 survivors (9216K)
 Metaspace       used 73778K, committed 75072K, reserved 393216K
  class space    used 9783K, committed 10432K, reserved 327680K
}
Event: 1042.666 GC heap after
{Heap after GC invocations=64 (full 0):
 garbage-first heap   total 262144K, used 127710K [0x00000000e0000000, 0x0000000100000000)
  region size 1024K, 4 young (4096K), 4 survivors (4096K)
 Metaspace       used 73778K, committed 75072K, reserved 393216K
  class space    used 9783K, committed 10432K, reserved 327680K
}
Event: 1042.729 GC heap before
{Heap before GC invocations=64 (full 0):
 garbage-first heap   total 262144K, used 134878K [0x00000000e0000000, 0x0000000100000000)
  region size 1024K, 12 young (12288K), 4 survivors (4096K)
 Metaspace       used 73778K, committed 75072K, reserved 393216K
  class space    used 9783K, committed 10432K, reserved 327680K
}
Event: 1042.740 GC heap after
{Heap after GC invocations=65 (full 0):
 garbage-first heap   total 262144K, used 112853K [0x00000000e0000000, 0x0000000100000000)
  region size 1024K, 2 young (2048K), 2 survivors (2048K)
 Metaspace       used 73778K, committed 75072K, reserved 393216K
  class space    used 9783K, committed 10432K, reserved 327680K
}
Event: 1042.835 GC heap before
{Heap before GC invocations=65 (full 0):
 garbage-first heap   total 262144K, used 123093K [0x00000000e0000000, 0x0000000100000000)
  region size 1024K, 12 young (12288K), 2 survivors (2048K)
 Metaspace       used 73778K, committed 75072K, reserved 393216K
  class space    used 9783K, committed 10432K, reserved 327680K
}
Event: 1042.840 GC heap after
{Heap after GC invocations=66 (full 0):
 garbage-first heap   total 262144K, used 111379K [0x00000000e0000000, 0x0000000100000000)
  region size 1024K, 2 young (2048K), 2 survivors (2048K)
 Metaspace       used 73778K, committed 75072K, reserved 393216K
  class space    used 9783K, committed 10432K, reserved 327680K
}
Event: 1043.190 GC heap before
{Heap before GC invocations=66 (full 0):
 garbage-first heap   total 262144K, used 207635K [0x00000000e0000000, 0x0000000100000000)
  region size 1024K, 96 young (98304K), 2 survivors (2048K)
 Metaspace       used 73782K, committed 75136K, reserved 393216K
  class space    used 9783K, committed 10432K, reserved 327680K
}
Event: 1043.197 GC heap after
{Heap after GC invocations=67 (full 0):
 garbage-first heap   total 262144K, used 123477K [0x00000000e0000000, 0x0000000100000000)
  region size 1024K, 12 young (12288K), 12 survivors (12288K)
 Metaspace       used 73782K, committed 75136K, reserved 393216K
  class space    used 9783K, committed 10432K, reserved 327680K
}
Event: 1124.066 GC heap before
{Heap before GC invocations=68 (full 0):
 garbage-first heap   total 262144K, used 200277K [0x00000000e0000000, 0x0000000100000000)
  region size 1024K, 96 young (98304K), 12 survivors (12288K)
 Metaspace       used 71946K, committed 73920K, reserved 393216K
  class space    used 9537K, committed 10304K, reserved 327680K
}

Deoptimization events (20 events):
Event: 1123.883 Thread 0x000001e1523200b0 Uncommon trap: trap_request=0xffffff45 fr.pc=0x000001e12976084c relative=0x00000000000008ac
Event: 1123.883 Thread 0x000001e1523200b0 Uncommon trap: reason=unstable_if action=reinterpret pc=0x000001e12976084c method=java.lang.ref.SoftReference.get()Ljava/lang/Object; @ 6 c2
Event: 1123.883 Thread 0x000001e1523200b0 DEOPT PACKING pc=0x000001e12976084c sp=0x000000d5247fa8f0
Event: 1123.883 Thread 0x000001e1523200b0 DEOPT UNPACKING pc=0x000001e1282923a3 sp=0x000000d5247fa4c0 mode 2
Event: 1123.971 Thread 0x000001e1523200b0 Uncommon trap: trap_request=0xffffffd6 fr.pc=0x000001e1294a9088 relative=0x0000000000004088
Event: 1123.971 Thread 0x000001e1523200b0 Uncommon trap: reason=array_check action=maybe_recompile pc=0x000001e1294a9088 method=java.util.TimSort.reverseRange([Ljava/lang/Object;II)V @ 20 c2
Event: 1123.971 Thread 0x000001e1523200b0 DEOPT PACKING pc=0x000001e1294a9088 sp=0x000000d5247f87c0
Event: 1123.971 Thread 0x000001e1523200b0 DEOPT UNPACKING pc=0x000001e1282923a3 sp=0x000000d5247f8630 mode 2
Event: 1123.971 Thread 0x000001e1523200b0 Uncommon trap: trap_request=0xffffffd6 fr.pc=0x000001e1294a9088 relative=0x0000000000004088
Event: 1123.971 Thread 0x000001e1523200b0 Uncommon trap: reason=array_check action=maybe_recompile pc=0x000001e1294a9088 method=java.util.TimSort.reverseRange([Ljava/lang/Object;II)V @ 20 c2
Event: 1123.971 Thread 0x000001e1523200b0 DEOPT PACKING pc=0x000001e1294a9088 sp=0x000000d5247f87c0
Event: 1123.971 Thread 0x000001e1523200b0 DEOPT UNPACKING pc=0x000001e1282923a3 sp=0x000000d5247f8630 mode 2
Event: 1123.971 Thread 0x000001e1523200b0 Uncommon trap: trap_request=0xffffffd6 fr.pc=0x000001e1294a9088 relative=0x0000000000004088
Event: 1123.971 Thread 0x000001e1523200b0 Uncommon trap: reason=array_check action=maybe_recompile pc=0x000001e1294a9088 method=java.util.TimSort.reverseRange([Ljava/lang/Object;II)V @ 20 c2
Event: 1123.971 Thread 0x000001e1523200b0 DEOPT PACKING pc=0x000001e1294a9088 sp=0x000000d5247f87c0
Event: 1123.971 Thread 0x000001e1523200b0 DEOPT UNPACKING pc=0x000001e1282923a3 sp=0x000000d5247f8630 mode 2
Event: 1123.971 Thread 0x000001e1523200b0 Uncommon trap: trap_request=0xffffffd6 fr.pc=0x000001e1294a9088 relative=0x0000000000004088
Event: 1123.971 Thread 0x000001e1523200b0 Uncommon trap: reason=array_check action=maybe_recompile pc=0x000001e1294a9088 method=java.util.TimSort.reverseRange([Ljava/lang/Object;II)V @ 20 c2
Event: 1123.971 Thread 0x000001e1523200b0 DEOPT PACKING pc=0x000001e1294a9088 sp=0x000000d5247f87c0
Event: 1123.971 Thread 0x000001e1523200b0 DEOPT UNPACKING pc=0x000001e1282923a3 sp=0x000000d5247f8630 mode 2

Classes unloaded (20 events):
Event: 1043.236 Thread 0x000001e1348fc800 Unloading class 0x000001e136590c00 'java/lang/invoke/LambdaForm$MH+0x000001e136590c00'
Event: 1043.236 Thread 0x000001e1348fc800 Unloading class 0x000001e136590800 'java/lang/invoke/LambdaForm$MH+0x000001e136590800'
Event: 1043.236 Thread 0x000001e1348fc800 Unloading class 0x000001e136590400 'java/lang/invoke/LambdaForm$MH+0x000001e136590400'
Event: 1043.236 Thread 0x000001e1348fc800 Unloading class 0x000001e136590000 'java/lang/invoke/LambdaForm$MH+0x000001e136590000'
Event: 1043.236 Thread 0x000001e1348fc800 Unloading class 0x000001e13658fc00 'java/lang/invoke/LambdaForm$MH+0x000001e13658fc00'
Event: 1043.236 Thread 0x000001e1348fc800 Unloading class 0x000001e13658f800 'java/lang/invoke/LambdaForm$MH+0x000001e13658f800'
Event: 1043.236 Thread 0x000001e1348fc800 Unloading class 0x000001e13658f400 'java/lang/invoke/LambdaForm$MH+0x000001e13658f400'
Event: 1043.236 Thread 0x000001e1348fc800 Unloading class 0x000001e13658f000 'java/lang/invoke/LambdaForm$MH+0x000001e13658f000'
Event: 1043.236 Thread 0x000001e1348fc800 Unloading class 0x000001e13658ec00 'java/lang/invoke/LambdaForm$MH+0x000001e13658ec00'
Event: 1043.236 Thread 0x000001e1348fc800 Unloading class 0x000001e13658e800 'java/lang/invoke/LambdaForm$MH+0x000001e13658e800'
Event: 1043.236 Thread 0x000001e1348fc800 Unloading class 0x000001e13658e400 'java/lang/invoke/LambdaForm$MH+0x000001e13658e400'
Event: 1043.236 Thread 0x000001e1348fc800 Unloading class 0x000001e13658e000 'java/lang/invoke/LambdaForm$MH+0x000001e13658e000'
Event: 1043.236 Thread 0x000001e1348fc800 Unloading class 0x000001e13658d000 'java/lang/invoke/LambdaForm$MH+0x000001e13658d000'
Event: 1043.236 Thread 0x000001e1348fc800 Unloading class 0x000001e13658cc00 'java/lang/invoke/LambdaForm$BMH+0x000001e13658cc00'
Event: 1043.236 Thread 0x000001e1348fc800 Unloading class 0x000001e136501800 'Build_final1_d88likp1bd1dxw6f16qsrzex6'
Event: 1043.236 Thread 0x000001e1348fc800 Unloading class 0x000001e136500000 'org/gradle/api/execution/TaskExecutionGraph$whenReady'
Event: 1043.236 Thread 0x000001e1348fc800 Unloading class 0x000001e1364ad000 'java/lang/invoke/LambdaForm$MH+0x000001e1364ad000'
Event: 1043.236 Thread 0x000001e1348fc800 Unloading class 0x000001e1364ac000 'org/gradle/api/plugins/ExtraPropertiesExtension$has'
Event: 1043.236 Thread 0x000001e1348fc800 Unloading class 0x000001e13642d800 'java/lang/invoke/LambdaForm$MH+0x000001e13642d800'
Event: 1043.236 Thread 0x000001e1348fc800 Unloading class 0x000001e13602a000 'java/lang/invoke/LambdaForm$MH+0x000001e13602a000'

Classes redefined (0 events):
No events

Internal exceptions (20 events):
Event: 1043.350 Thread 0x000001e1534bcf20 Implicit null exception at 0x000001e12960d64b to 0x000001e1296121c0
Event: 1043.350 Thread 0x000001e14f82a210 Exception <a 'java/lang/NoSuchMethodError'{0x00000000ec702030}: static Lorg/gradle/internal/build/event/types/DefaultTaskDescriptor;.<clinit>()V> (0x00000000ec702030) 
thrown [s\open\src\hotspot\share\prims\jni.cpp, line 1107]
Event: 1043.351 Thread 0x000001e14f82a210 Implicit null exception at 0x000001e1296830ea to 0x000001e129683570
Event: 1043.351 Thread 0x000001e1534bcf20 Implicit null exception at 0x000001e128863a64 to 0x000001e128863b1c
Event: 1043.353 Thread 0x000001e14f82a210 Exception <a 'java/lang/NoSuchMethodError'{0x00000000ec7b0b50}: static Lorg/gradle/internal/operations/OperationIdentifier;.<clinit>()V> (0x00000000ec7b0b50) 
thrown [s\open\src\hotspot\share\prims\jni.cpp, line 1107]
Event: 1043.354 Thread 0x000001e14f82a210 Exception <a 'java/lang/NoSuchMethodError'{0x00000000ec7bc098}: static Lorg/gradle/internal/build/event/types/DefaultBinaryPluginIdentifier;.<clinit>()V> (0x00000000ec7bc098) 
thrown [s\open\src\hotspot\share\prims\jni.cpp, line 1107]
Event: 1043.355 Thread 0x000001e14f82a210 Exception <a 'java/lang/NoSuchMethodError'{0x00000000ec7d95b0}: static Lorg/gradle/internal/build/event/types/DefaultTaskSuccessResult;.<clinit>()V> (0x00000000ec7d95b0) 
thrown [s\open\src\hotspot\share\prims\jni.cpp, line 1107]
Event: 1043.355 Thread 0x000001e14f82a210 Exception <a 'java/lang/NoSuchMethodError'{0x00000000ec7daa68}: static Lorg/gradle/internal/build/event/types/AbstractTaskResult;.<clinit>()V> (0x00000000ec7daa68) 
thrown [s\open\src\hotspot\share\prims\jni.cpp, line 1107]
Event: 1043.355 Thread 0x000001e14f82a210 Exception <a 'java/lang/NoSuchMethodError'{0x00000000ec7dc438}: static Lorg/gradle/internal/build/event/types/AbstractResult;.<clinit>()V> (0x00000000ec7dc438) 
thrown [s\open\src\hotspot\share\prims\jni.cpp, line 1107]
Event: 1043.356 Thread 0x000001e14f82a210 Exception <a 'java/lang/NoSuchMethodError'{0x00000000ec6a4a58}: static Lorg/gradle/internal/build/event/types/DefaultTaskStartedProgressEvent;.<clinit>()V> (0x00000000ec6a4a58) 
thrown [s\open\src\hotspot\share\prims\jni.cpp, line 1107]
Event: 1123.846 Thread 0x000001e1523200b0 Implicit null exception at 0x000001e129891ed7 to 0x000001e129893518
Event: 1123.875 Thread 0x000001e1523200b0 Implicit null exception at 0x000001e1289afbea to 0x000001e1289affd0
Event: 1123.893 Thread 0x000001e1523200b0 Exception <a 'sun/nio/fs/WindowsException'{0x00000000ebcd1a78}> (0x00000000ebcd1a78) 
thrown [s\open\src\hotspot\share\prims\jni.cpp, line 516]
Event: 1123.893 Thread 0x000001e1523200b0 Exception <a 'sun/nio/fs/WindowsException'{0x00000000ebcd2ee0}> (0x00000000ebcd2ee0) 
thrown [s\open\src\hotspot\share\prims\jni.cpp, line 516]
Event: 1123.893 Thread 0x000001e1523200b0 Exception <a 'sun/nio/fs/WindowsException'{0x00000000ebcd4348}> (0x00000000ebcd4348) 
thrown [s\open\src\hotspot\share\prims\jni.cpp, line 516]
Event: 1123.894 Thread 0x000001e1523200b0 Exception <a 'sun/nio/fs/WindowsException'{0x00000000ebcd5a18}> (0x00000000ebcd5a18) 
thrown [s\open\src\hotspot\share\prims\jni.cpp, line 516]
Event: 1123.945 Thread 0x000001e1523200b0 Exception <a 'java/lang/NoSuchMethodError'{0x00000000eb95ee38}: 'java.lang.Object java.lang.invoke.DelegatingMethodHandle$Holder.reinvoke_L(java.lang.Object, java.lang.Object, java.lang.Object, java.lang.Object, java.lang.Object, java.lang.Object, java.lang.Object, java.lang.Object, java.lang.Object, java.lang.Object, java.lang.Object, java.lang.Object, java.lang.Object, java.lang.Object, java.lang.Object, java.lang.Object, java.lang.Object, java.lang.Object, java.lang.Object, java.lang.Object, java.lang.O
Event: 1123.990 Thread 0x000001e1523200b0 Exception <a 'java/lang/NoClassDefFoundError'{0x00000000eb530678}: org/jetbrains/kotlin/gradle/plugin/KotlinPluginWrapper> (0x00000000eb530678) 
thrown [s\open\src\hotspot\share\oops\constantPool.cpp, line 835]
Event: 1123.990 Thread 0x000001e1523200b0 Exception <a 'java/lang/NoClassDefFoundError'{0x00000000eb5329b0}: org/graalvm/buildtools/gradle/NativeImagePlugin> (0x00000000eb5329b0) 
thrown [s\open\src\hotspot\share\oops\constantPool.cpp, line 835]
Event: 1124.030 Thread 0x000001e1534b8d50 Exception <a 'java/lang/NoSuchMethodError'{0x00000000eb28caf8}: static Ljava/lang/Object;.<clinit>()V> (0x00000000eb28caf8) 
thrown [s\open\src\hotspot\share\prims\jni.cpp, line 1107]

VM Operations (20 events):
Event: 1043.197 Executing VM operation: G1CollectForAllocation done
Event: 1043.234 Executing VM operation: G1Concurrent
Event: 1043.249 Executing VM operation: G1Concurrent done
Event: 1043.249 Executing VM operation: HandshakeAllThreads
Event: 1043.261 Executing VM operation: HandshakeAllThreads done
Event: 1043.269 Executing VM operation: G1Concurrent
Event: 1043.269 Executing VM operation: G1Concurrent done
Event: 1044.284 Executing VM operation: Cleanup
Event: 1044.284 Executing VM operation: Cleanup done
Event: 1082.588 Executing VM operation: HandshakeAllThreads
Event: 1082.588 Executing VM operation: HandshakeAllThreads done
Event: 1105.822 Executing VM operation: Cleanup
Event: 1105.823 Executing VM operation: Cleanup done
Event: 1106.832 Executing VM operation: Cleanup
Event: 1106.832 Executing VM operation: Cleanup done
Event: 1123.971 Executing VM operation: HandshakeAllThreads
Event: 1123.971 Executing VM operation: HandshakeAllThreads done
Event: 1123.971 Executing VM operation: Cleanup
Event: 1123.972 Executing VM operation: Cleanup done
Event: 1124.066 Executing VM operation: G1CollectForAllocation

Events (20 events):
Event: 1124.021 Thread 0x000001e1534b7e20 Thread added: 0x000001e1534b7e20
Event: 1124.021 Thread 0x000001e1534bca10 Thread added: 0x000001e1534bca10
Event: 1124.021 Thread 0x000001e1534b7400 Thread added: 0x000001e1534b7400
Event: 1124.021 Thread 0x000001e1534bb0c0 Thread added: 0x000001e1534bb0c0
Event: 1124.021 Thread 0x000001e1534b5fc0 Thread added: 0x000001e1534b5fc0
Event: 1124.022 Thread 0x000001e1534babb0 Thread added: 0x000001e1534babb0
Event: 1124.022 Thread 0x000001e1534b55a0 Thread added: 0x000001e1534b55a0
Event: 1124.024 Thread 0x000001e1534b7910 Thread added: 0x000001e1534b7910
Event: 1124.042 Thread 0x000001e1534bcf20 Thread added: 0x000001e1534bcf20
Event: 1124.046 Thread 0x000001e1534bd430 Thread added: 0x000001e1534bd430
Event: 1124.048 Thread 0x000001e1534b9770 Thread added: 0x000001e1534b9770
Event: 1124.051 Thread 0x000001e1534bd940 Thread added: 0x000001e1534bd940
Event: 1124.053 Thread 0x000001e1534bb5d0 Thread added: 0x000001e1534bb5d0
Event: 1124.055 Thread 0x000001e1534bbae0 Thread added: 0x000001e1534bbae0
Event: 1124.057 Thread 0x000001e1534b64d0 Thread added: 0x000001e1534b64d0
Event: 1124.059 Thread 0x000001e1534bde50 Thread added: 0x000001e1534bde50
Event: 1124.061 Thread 0x000001e1534c1600 Thread added: 0x000001e1534c1600
Event: 1124.062 Thread 0x000001e1534be360 Thread added: 0x000001e1534be360
Event: 1124.064 Thread 0x000001e1534c2a40 Thread added: 0x000001e1534c2a40
Event: 1124.065 Thread 0x000001e1534c2530 Thread added: 0x000001e1534c2530


Dynamic libraries:
0x00007ff7515c0000 - 0x00007ff7515d0000 	C:\Program Files\Java\jdk-17\bin\java.exe
0x00007ffcb0f10000 - 0x00007ffcb1127000 	C:\Windows\SYSTEM32\ntdll.dll
0x00007ffcaf5b0000 - 0x00007ffcaf674000 	C:\Windows\System32\KERNEL32.DLL
0x00007ffcae6b0000 - 0x00007ffcaea57000 	C:\Windows\System32\KERNELBASE.dll
0x00007ffcae350000 - 0x00007ffcae461000 	C:\Windows\System32\ucrtbase.dll
0x00007ffc7a550000 - 0x00007ffc7a56b000 	C:\Program Files\Java\jdk-17\bin\VCRUNTIME140.dll
0x00007ffc74c20000 - 0x00007ffc74c39000 	C:\Program Files\Java\jdk-17\bin\jli.dll
0x00007ffcaf4f0000 - 0x00007ffcaf5a2000 	C:\Windows\System32\ADVAPI32.dll
0x00007ffcaf110000 - 0x00007ffcaf1b7000 	C:\Windows\System32\msvcrt.dll
0x00007ffcb0130000 - 0x00007ffcb01d8000 	C:\Windows\System32\sechost.dll
0x00007ffcae510000 - 0x00007ffcae538000 	C:\Windows\System32\bcrypt.dll
0x00007ffcb0800000 - 0x00007ffcb0915000 	C:\Windows\System32\RPCRT4.dll
0x00007ffcaf2c0000 - 0x00007ffcaf46e000 	C:\Windows\System32\USER32.dll
0x00007ffcae470000 - 0x00007ffcae496000 	C:\Windows\System32\win32u.dll
0x00007ffcad490000 - 0x00007ffcad723000 	C:\Windows\WinSxS\amd64_microsoft.windows.common-controls_6595b64144ccf1df_6.0.22621.3527_none_270e469b73872a76\COMCTL32.dll
0x00007ffcaec40000 - 0x00007ffcaec69000 	C:\Windows\System32\GDI32.dll
0x00007ffcaea60000 - 0x00007ffcaeb79000 	C:\Windows\System32\gdi32full.dll
0x00007ffcae2b0000 - 0x00007ffcae34a000 	C:\Windows\System32\msvcp_win.dll
0x00007ffcac720000 - 0x00007ffcac72a000 	C:\Windows\SYSTEM32\VERSION.dll
0x00007ffcaec70000 - 0x00007ffcaeca1000 	C:\Windows\System32\IMM32.DLL
0x00007ffca8670000 - 0x00007ffca867c000 	C:\Program Files\Java\jdk-17\bin\vcruntime140_1.dll
0x00007ffc73a70000 - 0x00007ffc73afe000 	C:\Program Files\Java\jdk-17\bin\msvcp140.dll
0x00007ffbf42c0000 - 0x00007ffbf4e9f000 	C:\Program Files\Java\jdk-17\bin\server\jvm.dll
0x00007ffcb02e0000 - 0x00007ffcb02e8000 	C:\Windows\System32\PSAPI.DLL
0x00007ffc92eb0000 - 0x00007ffc92eb9000 	C:\Windows\SYSTEM32\WSOCK32.dll
0x00007ffca4df0000 - 0x00007ffca4e24000 	C:\Windows\SYSTEM32\WINMM.dll
0x00007ffcb02f0000 - 0x00007ffcb0361000 	C:\Windows\System32\WS2_32.dll
0x00007ffcac2c0000 - 0x00007ffcac2d8000 	C:\Windows\SYSTEM32\kernel.appcore.dll
0x00007ffc9fc00000 - 0x00007ffc9fc0a000 	C:\Program Files\Java\jdk-17\bin\jimage.dll
0x00007ffcadb40000 - 0x00007ffcadd72000 	C:\Windows\SYSTEM32\DBGHELP.DLL
0x00007ffcb0990000 - 0x00007ffcb0d18000 	C:\Windows\System32\combase.dll
0x00007ffcaf1e0000 - 0x00007ffcaf2b7000 	C:\Windows\System32\OLEAUT32.dll
0x00007ffcada30000 - 0x00007ffcada62000 	C:\Windows\SYSTEM32\dbgcore.DLL
0x00007ffcae230000 - 0x00007ffcae2a9000 	C:\Windows\System32\bcryptPrimitives.dll
0x00007ffc98ed0000 - 0x00007ffc98ede000 	C:\Program Files\Java\jdk-17\bin\instrument.dll
0x00007ffc74bf0000 - 0x00007ffc74c15000 	C:\Program Files\Java\jdk-17\bin\java.dll
0x00007ffc59530000 - 0x00007ffc59607000 	C:\Program Files\Java\jdk-17\bin\jsvml.dll
0x00007ffcaf6e0000 - 0x00007ffcaff3c000 	C:\Windows\System32\SHELL32.dll
0x00007ffcab250000 - 0x00007ffcabb46000 	C:\Windows\SYSTEM32\windows.storage.dll
0x00007ffcab110000 - 0x00007ffcab24e000 	C:\Windows\SYSTEM32\wintypes.dll
0x00007ffcaecc0000 - 0x00007ffcaedb5000 	C:\Windows\System32\SHCORE.dll
0x00007ffcb0930000 - 0x00007ffcb098e000 	C:\Windows\System32\shlwapi.dll
0x00007ffcae160000 - 0x00007ffcae181000 	C:\Windows\SYSTEM32\profapi.dll
0x00007ffc73f20000 - 0x00007ffc73f38000 	C:\Program Files\Java\jdk-17\bin\zip.dll
0x00007ffc73a50000 - 0x00007ffc73a69000 	C:\Program Files\java\jdk-17\bin\net.dll
0x00007ffca6b80000 - 0x00007ffca6cb6000 	C:\Windows\SYSTEM32\WINHTTP.dll
0x00007ffcac7e0000 - 0x00007ffcac849000 	C:\Windows\system32\mswsock.dll
0x00007ffc73830000 - 0x00007ffc73846000 	C:\Program Files\java\jdk-17\bin\nio.dll
0x00007ffc98310000 - 0x00007ffc98320000 	C:\Program Files\Java\jdk-17\bin\verify.dll
0x00007ffc1e1e0000 - 0x00007ffc1e207000 	C:\Users\USER\.gradle\native\c067742578af261105cb4f569cf0c3c89f3d7b1fecec35dd04571415982c5e48\windows-amd64\native-platform.dll
0x00007ffc58a10000 - 0x00007ffc58b54000 	C:\Users\USER\.gradle\native\38dada09dfb8b06ba9b0570ebf7e218e3eb74d4ef43ca46872605cf95ebc2f47\windows-amd64\native-platform-file-events.dll
0x00007ffc7ea50000 - 0x00007ffc7ea5a000 	C:\Program Files\java\jdk-17\bin\management.dll
0x00007ffc7a7a0000 - 0x00007ffc7a7ab000 	C:\Program Files\java\jdk-17\bin\management_ext.dll
0x00007ffcadec0000 - 0x00007ffcadedb000 	C:\Windows\SYSTEM32\CRYPTSP.dll
0x00007ffcac280000 - 0x00007ffcac2b5000 	C:\Windows\system32\rsaenh.dll
0x00007ffcac9e0000 - 0x00007ffcaca08000 	C:\Windows\SYSTEM32\USERENV.dll
0x00007ffcacb80000 - 0x00007ffcacb8c000 	C:\Windows\SYSTEM32\CRYPTBASE.dll
0x00007ffcabdf0000 - 0x00007ffcabe1d000 	C:\Windows\SYSTEM32\IPHLPAPI.DLL
0x00007ffcb0370000 - 0x00007ffcb0379000 	C:\Windows\System32\NSI.dll
0x00007ffca61c0000 - 0x00007ffca61d9000 	C:\Windows\SYSTEM32\dhcpcsvc6.DLL
0x00007ffca5e40000 - 0x00007ffca5e5f000 	C:\Windows\SYSTEM32\dhcpcsvc.DLL
0x00007ffcabe70000 - 0x00007ffcabf68000 	C:\Windows\SYSTEM32\DNSAPI.dll
0x00007ffc7a6d0000 - 0x00007ffc7a6de000 	C:\Program Files\java\jdk-17\bin\sunmscapi.dll
0x00007ffcae540000 - 0x00007ffcae6a8000 	C:\Windows\System32\CRYPT32.dll
0x00007ffcad460000 - 0x00007ffcad48e000 	C:\Windows\SYSTEM32\ncrypt.dll
0x00007ffcad420000 - 0x00007ffcad457000 	C:\Windows\SYSTEM32\NTASN1.dll
0x00007ffcac8f0000 - 0x00007ffcac8f8000 	C:\Windows\system32\wshunix.dll

dbghelp: loaded successfully - version: 4.0.5 - missing functions: none
symbol engine: initialized successfully - sym options: 0x614 - pdb path: .;C:\Program Files\Java\jdk-17\bin;C:\Windows\SYSTEM32;C:\Windows\WinSxS\amd64_microsoft.windows.common-controls_6595b64144ccf1df_6.0.22621.3527_none_270e469b73872a76;C:\Program Files\Java\jdk-17\bin\server;C:\Users\USER\.gradle\native\c067742578af261105cb4f569cf0c3c89f3d7b1fecec35dd04571415982c5e48\windows-amd64;C:\Users\USER\.gradle\native\38dada09dfb8b06ba9b0570ebf7e218e3eb74d4ef43ca46872605cf95ebc2f47\windows-amd64

VM Arguments:
jvm_args: --add-opens=java.base/java.util=ALL-UNNAMED --add-opens=java.base/java.lang=ALL-UNNAMED --add-opens=java.base/java.lang.invoke=ALL-UNNAMED --add-opens=java.prefs/java.util.prefs=ALL-UNNAMED --add-opens=java.base/java.nio.charset=ALL-UNNAMED --add-opens=java.base/java.net=ALL-UNNAMED --add-opens=java.base/java.util.concurrent.atomic=ALL-UNNAMED -XX:MaxMetaspaceSize=384m -XX:+HeapDumpOnOutOfMemoryError -Xms256m -Xmx512m -Dfile.encoding=x-windows-949 -Duser.country=KR -Duser.language=ko -Duser.variant -javaagent:C:\Users\USER\.gradle\wrapper\dists\gradle-8.7-bin\bhs2wmbdwecv87pi65oeuq5iu\gradle-8.7\lib\agents\gradle-instrumentation-agent-8.7.jar 
java_command: org.gradle.launcher.daemon.bootstrap.GradleDaemon 8.7
java_class_path (initial): C:\Users\USER\.gradle\wrapper\dists\gradle-8.7-bin\bhs2wmbdwecv87pi65oeuq5iu\gradle-8.7\lib\gradle-launcher-8.7.jar
Launcher Type: SUN_STANDARD

[Global flags]
     intx CICompilerCount                          = 4                                         {product} {ergonomic}
   size_t CompressedClassSpaceSize                 = 335544320                                 {product} {ergonomic}
     uint ConcGCThreads                            = 3                                         {product} {ergonomic}
     uint G1ConcRefinementThreads                  = 10                                        {product} {ergonomic}
   size_t G1HeapRegionSize                         = 1048576                                   {product} {ergonomic}
    uintx GCDrainStackTargetSize                   = 64                                        {product} {ergonomic}
     bool HeapDumpOnOutOfMemoryError               = true                                   {manageable} {command line}
   size_t InitialHeapSize                          = 268435456                                 {product} {command line}
   size_t MarkStackSize                            = 4194304                                   {product} {ergonomic}
   size_t MaxHeapSize                              = 536870912                                 {product} {command line}
   size_t MaxMetaspaceSize                         = 402653184                                 {product} {command line}
   size_t MaxNewSize                               = 321912832                                 {product} {ergonomic}
   size_t MinHeapDeltaBytes                        = 1048576                                   {product} {ergonomic}
   size_t MinHeapSize                              = 268435456                                 {product} {command line}
    uintx NonNMethodCodeHeapSize                   = 5839372                                {pd product} {ergonomic}
    uintx NonProfiledCodeHeapSize                  = 122909434                              {pd product} {ergonomic}
    uintx ProfiledCodeHeapSize                     = 122909434                              {pd product} {ergonomic}
    uintx ReservedCodeCacheSize                    = 251658240                              {pd product} {ergonomic}
     bool SegmentedCodeCache                       = true                                      {product} {ergonomic}
   size_t SoftMaxHeapSize                          = 536870912                              {manageable} {ergonomic}
     bool UseCompressedClassPointers               = true                           {product lp64_product} {ergonomic}
     bool UseCompressedOops                        = true                           {product lp64_product} {ergonomic}
     bool UseG1GC                                  = true                                      {product} {ergonomic}
     bool UseLargePagesIndividualAllocation        = false                                  {pd product} {ergonomic}

Logging:
Log output configuration:
 #0: stdout all=warning uptime,level,tags
 #1: stderr all=off uptime,level,tags

Environment Variables:
PATH=C:\oraclexe\app\oracle\product\11.2.0\server\bin;%JAVA_HOME%\bin;C:\Program Files\Common Files\Oracle\Java\javapath;C:\Windows\system32;C:\Windows;C:\Windows\System32\Wbem;C:\Windows\System32\WindowsPowerShell\v1.0\;C:\Windows\System32\OpenSSH\;C:\Program Files\dotnet\;C:\Program Files\Git\cmd;C:\Program Files\PowerShell\7\;C:\Program Files\PuTTY\;C:\Program Files\MySQL\MySQL Shell 8.0\bin\;C:\gradle-7.5.1\bin;C:\Users\USER\AppData\Local\Microsoft\WindowsApps;C:\IntelliJ IDEA 2024.1\bin;C:\Program Files\JetBrains\DataGrip 2024.1.2\bin;C:\Users\USER\AppData\Local\Programs\Microsoft VS Code\bin;C:\Users\USER\AppData\Local\JetBrains\Toolbox\scripts
USERNAME=USER
OS=Windows_NT
PROCESSOR_IDENTIFIER=Intel64 Family 6 Model 154 Stepping 4, GenuineIntel



---------------  S Y S T E M  ---------------

OS:
 Windows 11 , 64 bit Build 22621 (10.0.22621.3527)
OS uptime: 0 days 18:58 hours

CPU: total 12 (initial active 12) (6 cores per cpu, 2 threads per core) family 6 model 154 stepping 4 microcode 0x432, cx8, cmov, fxsr, ht, mmx, 3dnowpref, sse, sse2, sse3, ssse3, sse4.1, sse4.2, popcnt, lzcnt, tsc, tscinvbit, avx, avx2, aes, erms, clmul, bmi1, bmi2, adx, sha, fma, vzeroupper, clflush, clflushopt, clwb

Memory: 4k page, system-wide physical 32452M (15837M free)
TotalPageFile size 37316M (AvailPageFile size 17613M)
current process WorkingSet (physical memory assigned to process): 549M, peak: 565M
current process commit charge ("private bytes"): 584M, peak: 604M

vm_info: Java HotSpot(TM) 64-Bit Server VM (17.0.10+11-LTS-240) for windows-amd64 JRE (17.0.10+11-LTS-240), built on Dec 19 2023 21:47:25 by "mach5one" with MS VC++ 17.1 (VS2022)

END.
